{
  "/Volumes/T9/Condor Salud Saas/condor-salud/src/components/ui/Button.tsx": {
    "path": "/Volumes/T9/Condor Salud Saas/condor-salud/src/components/ui/Button.tsx",
    "statementMap": {
      "0": { "start": { "line": 13, "column": 47 }, "end": { "line": 21, "column": null } },
      "1": { "start": { "line": 23, "column": 41 }, "end": { "line": 28, "column": null } },
      "2": { "start": { "line": 30, "column": 6 }, "end": { "line": 74, "column": null } },
      "3": { "start": { "line": 32, "column": 4 }, "end": { "line": 71, "column": null } },
      "4": { "start": { "line": 76, "column": 0 }, "end": { "line": 76, "column": null } }
    },
    "fnMap": {
      "0": {
        "name": "(anonymous_0)",
        "decl": { "start": { "line": 31, "column": 2 }, "end": { "line": 31, "column": 3 } },
        "loc": { "start": { "line": 31, "column": 99 }, "end": { "line": 73, "column": null } },
        "line": 31
      }
    },
    "branchMap": {
      "0": {
        "loc": { "start": { "line": 31, "column": 16 }, "end": { "line": 31, "column": 37 } },
        "type": "default-arg",
        "locations": [
          { "start": { "line": 31, "column": 26 }, "end": { "line": 31, "column": 37 } }
        ],
        "line": 31
      },
      "1": {
        "loc": { "start": { "line": 31, "column": 37 }, "end": { "line": 31, "column": 50 } },
        "type": "default-arg",
        "locations": [
          { "start": { "line": 31, "column": 44 }, "end": { "line": 31, "column": 50 } }
        ],
        "line": 31
      },
      "2": {
        "loc": { "start": { "line": 43, "column": 18 }, "end": { "line": 43, "column": null } },
        "type": "binary-expr",
        "locations": [
          { "start": { "line": 43, "column": 18 }, "end": { "line": 43, "column": 30 } },
          { "start": { "line": 43, "column": 30 }, "end": { "line": 43, "column": null } }
        ],
        "line": 43
      },
      "3": {
        "loc": { "start": { "line": 44, "column": 19 }, "end": { "line": 44, "column": null } },
        "type": "cond-expr",
        "locations": [
          { "start": { "line": 44, "column": 29 }, "end": { "line": 44, "column": 38 } },
          { "start": { "line": 44, "column": 38 }, "end": { "line": 44, "column": null } }
        ],
        "line": 44
      },
      "4": {
        "loc": { "start": { "line": 47, "column": 9 }, "end": { "line": 68, "column": null } },
        "type": "binary-expr",
        "locations": [
          { "start": { "line": 47, "column": 9 }, "end": { "line": 47, "column": null } },
          { "start": { "line": 48, "column": 10 }, "end": { "line": 68, "column": null } }
        ],
        "line": 47
      }
    },
    "s": { "0": 0, "1": 0, "2": 0, "3": 0, "4": 0 },
    "f": { "0": 0 },
    "b": { "0": [0], "1": [0], "2": [0, 0], "3": [0, 0], "4": [0, 0] },
    "meta": {
      "lastBranch": 5,
      "lastFunction": 1,
      "lastStatement": 5,
      "seen": {
        "s:13:47:21:Infinity": 0,
        "s:23:41:28:Infinity": 1,
        "s:30:6:74:Infinity": 2,
        "f:31:2:31:3": 0,
        "b:31:26:31:37": 0,
        "b:31:44:31:50": 1,
        "s:32:4:71:Infinity": 3,
        "b:43:18:43:30:43:30:43:Infinity": 2,
        "b:44:29:44:38:44:38:44:Infinity": 3,
        "b:47:9:47:Infinity:48:10:68:Infinity": 4,
        "s:76:0:76:Infinity": 4
      }
    }
  },
  "/Volumes/T9/Condor Salud Saas/condor-salud/src/components/ui/Card.tsx": {
    "path": "/Volumes/T9/Condor Salud Saas/condor-salud/src/components/ui/Card.tsx",
    "statementMap": {
      "0": { "start": { "line": 5, "column": 6 }, "end": { "line": 13, "column": null } },
      "1": { "start": { "line": 7, "column": 4 }, "end": { "line": 11, "column": null } },
      "2": { "start": { "line": 14, "column": 0 }, "end": { "line": 14, "column": null } },
      "3": { "start": { "line": 17, "column": 6 }, "end": { "line": 21, "column": null } },
      "4": { "start": { "line": 19, "column": 4 }, "end": { "line": 19, "column": null } },
      "5": { "start": { "line": 22, "column": 0 }, "end": { "line": 22, "column": null } },
      "6": { "start": { "line": 25, "column": 6 }, "end": { "line": 29, "column": null } },
      "7": { "start": { "line": 27, "column": 4 }, "end": { "line": 27, "column": null } },
      "8": { "start": { "line": 30, "column": 0 }, "end": { "line": 30, "column": null } },
      "9": { "start": { "line": 33, "column": 6 }, "end": { "line": 37, "column": null } },
      "10": { "start": { "line": 35, "column": 4 }, "end": { "line": 35, "column": null } },
      "11": { "start": { "line": 38, "column": 0 }, "end": { "line": 38, "column": null } },
      "12": { "start": { "line": 41, "column": 6 }, "end": { "line": 49, "column": null } },
      "13": { "start": { "line": 43, "column": 4 }, "end": { "line": 47, "column": null } },
      "14": { "start": { "line": 50, "column": 0 }, "end": { "line": 50, "column": null } }
    },
    "fnMap": {
      "0": {
        "name": "(anonymous_0)",
        "decl": { "start": { "line": 6, "column": 2 }, "end": { "line": 6, "column": 3 } },
        "loc": { "start": { "line": 7, "column": 4 }, "end": { "line": 11, "column": null } },
        "line": 7
      },
      "1": {
        "name": "(anonymous_1)",
        "decl": { "start": { "line": 18, "column": 2 }, "end": { "line": 18, "column": 3 } },
        "loc": { "start": { "line": 19, "column": 4 }, "end": { "line": 19, "column": null } },
        "line": 19
      },
      "2": {
        "name": "(anonymous_2)",
        "decl": { "start": { "line": 26, "column": 2 }, "end": { "line": 26, "column": 3 } },
        "loc": { "start": { "line": 27, "column": 4 }, "end": { "line": 27, "column": null } },
        "line": 27
      },
      "3": {
        "name": "(anonymous_3)",
        "decl": { "start": { "line": 34, "column": 2 }, "end": { "line": 34, "column": 3 } },
        "loc": { "start": { "line": 35, "column": 4 }, "end": { "line": 35, "column": null } },
        "line": 35
      },
      "4": {
        "name": "(anonymous_4)",
        "decl": { "start": { "line": 42, "column": 2 }, "end": { "line": 42, "column": 3 } },
        "loc": { "start": { "line": 43, "column": 4 }, "end": { "line": 47, "column": null } },
        "line": 43
      }
    },
    "branchMap": {},
    "s": {
      "0": 0,
      "1": 0,
      "2": 0,
      "3": 0,
      "4": 0,
      "5": 0,
      "6": 0,
      "7": 0,
      "8": 0,
      "9": 0,
      "10": 0,
      "11": 0,
      "12": 0,
      "13": 0,
      "14": 0
    },
    "f": { "0": 0, "1": 0, "2": 0, "3": 0, "4": 0 },
    "b": {},
    "meta": {
      "lastBranch": 0,
      "lastFunction": 5,
      "lastStatement": 15,
      "seen": {
        "s:5:6:13:Infinity": 0,
        "f:6:2:6:3": 0,
        "s:7:4:11:Infinity": 1,
        "s:14:0:14:Infinity": 2,
        "s:17:6:21:Infinity": 3,
        "f:18:2:18:3": 1,
        "s:19:4:19:Infinity": 4,
        "s:22:0:22:Infinity": 5,
        "s:25:6:29:Infinity": 6,
        "f:26:2:26:3": 2,
        "s:27:4:27:Infinity": 7,
        "s:30:0:30:Infinity": 8,
        "s:33:6:37:Infinity": 9,
        "f:34:2:34:3": 3,
        "s:35:4:35:Infinity": 10,
        "s:38:0:38:Infinity": 11,
        "s:41:6:49:Infinity": 12,
        "f:42:2:42:3": 4,
        "s:43:4:47:Infinity": 13,
        "s:50:0:50:Infinity": 14
      }
    }
  },
  "/Volumes/T9/Condor Salud Saas/condor-salud/src/components/ui/ConfirmDialog.tsx": {
    "path": "/Volumes/T9/Condor Salud Saas/condor-salud/src/components/ui/ConfirmDialog.tsx",
    "statementMap": {
      "0": { "start": { "line": 29, "column": 2 }, "end": { "line": 51, "column": null } }
    },
    "fnMap": {
      "0": {
        "name": "ConfirmDialog",
        "decl": { "start": { "line": 18, "column": 16 }, "end": { "line": 18, "column": 30 } },
        "loc": { "start": { "line": 28, "column": 23 }, "end": { "line": 53, "column": null } },
        "line": 28
      }
    },
    "branchMap": {
      "0": {
        "loc": { "start": { "line": 24, "column": 2 }, "end": { "line": 24, "column": null } },
        "type": "default-arg",
        "locations": [
          { "start": { "line": 24, "column": 17 }, "end": { "line": 24, "column": null } }
        ],
        "line": 24
      },
      "1": {
        "loc": { "start": { "line": 25, "column": 2 }, "end": { "line": 25, "column": null } },
        "type": "default-arg",
        "locations": [
          { "start": { "line": 25, "column": 16 }, "end": { "line": 25, "column": null } }
        ],
        "line": 25
      },
      "2": {
        "loc": { "start": { "line": 26, "column": 2 }, "end": { "line": 26, "column": null } },
        "type": "default-arg",
        "locations": [
          { "start": { "line": 26, "column": 12 }, "end": { "line": 26, "column": null } }
        ],
        "line": 26
      },
      "3": {
        "loc": { "start": { "line": 41, "column": 21 }, "end": { "line": 41, "column": null } },
        "type": "cond-expr",
        "locations": [
          { "start": { "line": 41, "column": 44 }, "end": { "line": 41, "column": 55 } },
          { "start": { "line": 41, "column": 55 }, "end": { "line": 41, "column": null } }
        ],
        "line": 41
      }
    },
    "s": { "0": 0 },
    "f": { "0": 0 },
    "b": { "0": [0], "1": [0], "2": [0], "3": [0, 0] },
    "meta": {
      "lastBranch": 4,
      "lastFunction": 1,
      "lastStatement": 1,
      "seen": {
        "f:18:16:18:30": 0,
        "b:24:17:24:Infinity": 0,
        "b:25:16:25:Infinity": 1,
        "b:26:12:26:Infinity": 2,
        "s:29:2:51:Infinity": 0,
        "b:41:44:41:55:41:55:41:Infinity": 3
      }
    }
  },
  "/Volumes/T9/Condor Salud Saas/condor-salud/src/components/ui/DataTable.tsx": {
    "path": "/Volumes/T9/Condor Salud Saas/condor-salud/src/components/ui/DataTable.tsx",
    "statementMap": {
      "0": { "start": { "line": 32, "column": 2 }, "end": { "line": 38, "column": null } },
      "1": { "start": { "line": 33, "column": 4 }, "end": { "line": 36, "column": null } },
      "2": { "start": { "line": 40, "column": 2 }, "end": { "line": 91, "column": null } },
      "3": { "start": { "line": 47, "column": 14 }, "end": { "line": 56, "column": null } },
      "4": { "start": { "line": 62, "column": 12 }, "end": { "line": 87, "column": null } },
      "5": { "start": { "line": 68, "column": 42 }, "end": { "line": 68, "column": 60 } },
      "6": { "start": { "line": 73, "column": 22 }, "end": { "line": 76, "column": null } },
      "7": { "start": { "line": 74, "column": 24 }, "end": { "line": 74, "column": null } },
      "8": { "start": { "line": 75, "column": 24 }, "end": { "line": 75, "column": null } },
      "9": { "start": { "line": 83, "column": 16 }, "end": { "line": 85, "column": null } }
    },
    "fnMap": {
      "0": {
        "name": "DataTable",
        "decl": { "start": { "line": 22, "column": 16 }, "end": { "line": 22, "column": 29 } },
        "loc": { "start": { "line": 31, "column": 22 }, "end": { "line": 93, "column": null } },
        "line": 31
      },
      "1": {
        "name": "(anonymous_1)",
        "decl": { "start": { "line": 46, "column": 25 }, "end": { "line": 46, "column": 26 } },
        "loc": { "start": { "line": 47, "column": 14 }, "end": { "line": 56, "column": null } },
        "line": 47
      },
      "2": {
        "name": "(anonymous_2)",
        "decl": { "start": { "line": 61, "column": 20 }, "end": { "line": 61, "column": 21 } },
        "loc": { "start": { "line": 62, "column": 12 }, "end": { "line": 87, "column": null } },
        "line": 62
      },
      "3": {
        "name": "(anonymous_3)",
        "decl": { "start": { "line": 68, "column": 36 }, "end": { "line": 68, "column": 42 } },
        "loc": { "start": { "line": 68, "column": 42 }, "end": { "line": 68, "column": 60 } },
        "line": 68
      },
      "4": {
        "name": "(anonymous_4)",
        "decl": { "start": { "line": 72, "column": 20 }, "end": { "line": 72, "column": 21 } },
        "loc": { "start": { "line": 72, "column": 27 }, "end": { "line": 77, "column": null } },
        "line": 72
      },
      "5": {
        "name": "(anonymous_5)",
        "decl": { "start": { "line": 82, "column": 27 }, "end": { "line": 82, "column": 28 } },
        "loc": { "start": { "line": 83, "column": 16 }, "end": { "line": 85, "column": null } },
        "line": 83
      }
    },
    "branchMap": {
      "0": {
        "loc": { "start": { "line": 26, "column": 2 }, "end": { "line": 26, "column": null } },
        "type": "default-arg",
        "locations": [
          { "start": { "line": 26, "column": 17 }, "end": { "line": 26, "column": null } }
        ],
        "line": 26
      },
      "1": {
        "loc": { "start": { "line": 30, "column": 2 }, "end": { "line": 30, "column": null } },
        "type": "default-arg",
        "locations": [
          { "start": { "line": 30, "column": 17 }, "end": { "line": 30, "column": null } }
        ],
        "line": 30
      },
      "2": {
        "loc": { "start": { "line": 32, "column": 2 }, "end": { "line": 38, "column": null } },
        "type": "if",
        "locations": [
          { "start": { "line": 32, "column": 2 }, "end": { "line": 38, "column": null } },
          { "start": {}, "end": {} }
        ],
        "line": 32
      },
      "3": {
        "loc": { "start": { "line": 43, "column": 9 }, "end": { "line": 43, "column": null } },
        "type": "binary-expr",
        "locations": [
          { "start": { "line": 43, "column": 9 }, "end": { "line": 43, "column": 20 } },
          { "start": { "line": 43, "column": 20 }, "end": { "line": 43, "column": null } }
        ],
        "line": 43
      },
      "4": {
        "loc": { "start": { "line": 44, "column": 48 }, "end": { "line": 44, "column": 83 } },
        "type": "binary-expr",
        "locations": [
          { "start": { "line": 44, "column": 48 }, "end": { "line": 44, "column": 64 } },
          { "start": { "line": 44, "column": 64 }, "end": { "line": 44, "column": 83 } }
        ],
        "line": 44
      },
      "5": {
        "loc": { "start": { "line": 66, "column": 16 }, "end": { "line": 66, "column": null } },
        "type": "binary-expr",
        "locations": [
          { "start": { "line": 66, "column": 16 }, "end": { "line": 66, "column": 30 } },
          { "start": { "line": 66, "column": 30 }, "end": { "line": 66, "column": null } }
        ],
        "line": 66
      },
      "6": {
        "loc": { "start": { "line": 68, "column": 23 }, "end": { "line": 68, "column": null } },
        "type": "cond-expr",
        "locations": [
          { "start": { "line": 68, "column": 36 }, "end": { "line": 68, "column": 60 } },
          { "start": { "line": 68, "column": 60 }, "end": { "line": 68, "column": null } }
        ],
        "line": 68
      },
      "7": {
        "loc": { "start": { "line": 69, "column": 24 }, "end": { "line": 69, "column": null } },
        "type": "cond-expr",
        "locations": [
          { "start": { "line": 69, "column": 37 }, "end": { "line": 69, "column": 41 } },
          { "start": { "line": 69, "column": 41 }, "end": { "line": 69, "column": null } }
        ],
        "line": 69
      },
      "8": {
        "loc": { "start": { "line": 71, "column": 16 }, "end": { "line": 78, "column": null } },
        "type": "cond-expr",
        "locations": [
          { "start": { "line": 72, "column": 20 }, "end": { "line": 77, "column": null } },
          { "start": { "line": 78, "column": 20 }, "end": { "line": 78, "column": null } }
        ],
        "line": 71
      },
      "9": {
        "loc": { "start": { "line": 73, "column": 22 }, "end": { "line": 76, "column": null } },
        "type": "if",
        "locations": [
          { "start": { "line": 73, "column": 22 }, "end": { "line": 76, "column": null } },
          { "start": {}, "end": {} }
        ],
        "line": 73
      },
      "10": {
        "loc": { "start": { "line": 73, "column": 26 }, "end": { "line": 73, "column": 62 } },
        "type": "binary-expr",
        "locations": [
          { "start": { "line": 73, "column": 26 }, "end": { "line": 73, "column": 47 } },
          { "start": { "line": 73, "column": 47 }, "end": { "line": 73, "column": 62 } }
        ],
        "line": 73
      },
      "11": {
        "loc": { "start": { "line": 80, "column": 20 }, "end": { "line": 80, "column": null } },
        "type": "cond-expr",
        "locations": [
          { "start": { "line": 80, "column": 33 }, "end": { "line": 80, "column": 44 } },
          { "start": { "line": 80, "column": 44 }, "end": { "line": 80, "column": null } }
        ],
        "line": 80
      }
    },
    "s": { "0": 0, "1": 0, "2": 0, "3": 0, "4": 0, "5": 0, "6": 0, "7": 0, "8": 0, "9": 0 },
    "f": { "0": 0, "1": 0, "2": 0, "3": 0, "4": 0, "5": 0 },
    "b": {
      "0": [0],
      "1": [0],
      "2": [0, 0],
      "3": [0, 0],
      "4": [0, 0],
      "5": [0, 0],
      "6": [0, 0],
      "7": [0, 0],
      "8": [0, 0],
      "9": [0, 0],
      "10": [0, 0],
      "11": [0, 0]
    },
    "meta": {
      "lastBranch": 12,
      "lastFunction": 6,
      "lastStatement": 10,
      "seen": {
        "f:22:16:22:29": 0,
        "b:26:17:26:Infinity": 0,
        "b:30:17:30:Infinity": 1,
        "b:32:2:38:Infinity:undefined:undefined:undefined:undefined": 2,
        "s:32:2:38:Infinity": 0,
        "s:33:4:36:Infinity": 1,
        "s:40:2:91:Infinity": 2,
        "b:43:9:43:20:43:20:43:Infinity": 3,
        "b:44:48:44:64:44:64:44:83": 4,
        "f:46:25:46:26": 1,
        "s:47:14:56:Infinity": 3,
        "f:61:20:61:21": 2,
        "s:62:12:87:Infinity": 4,
        "b:66:16:66:30:66:30:66:Infinity": 5,
        "b:68:36:68:60:68:60:68:Infinity": 6,
        "f:68:36:68:42": 3,
        "s:68:42:68:60": 5,
        "b:69:37:69:41:69:41:69:Infinity": 7,
        "b:72:20:77:Infinity:78:20:78:Infinity": 8,
        "f:72:20:72:21": 4,
        "b:73:22:76:Infinity:undefined:undefined:undefined:undefined": 9,
        "s:73:22:76:Infinity": 6,
        "b:73:26:73:47:73:47:73:62": 10,
        "s:74:24:74:Infinity": 7,
        "s:75:24:75:Infinity": 8,
        "b:80:33:80:44:80:44:80:Infinity": 11,
        "f:82:27:82:28": 5,
        "s:83:16:85:Infinity": 9
      }
    }
  },
  "/Volumes/T9/Condor Salud Saas/condor-salud/src/components/ui/EmptyState.tsx": {
    "path": "/Volumes/T9/Condor Salud Saas/condor-salud/src/components/ui/EmptyState.tsx",
    "statementMap": {
      "0": { "start": { "line": 11, "column": 20 }, "end": { "line": 24, "column": null } },
      "1": { "start": { "line": 12, "column": 2 }, "end": { "line": 24, "column": null } },
      "2": { "start": { "line": 28, "column": 2 }, "end": { "line": 39, "column": null } }
    },
    "fnMap": {
      "0": {
        "name": "(anonymous_0)",
        "decl": { "start": { "line": 11, "column": 20 }, "end": { "line": 11, "column": null } },
        "loc": { "start": { "line": 12, "column": 2 }, "end": { "line": 24, "column": null } },
        "line": 12
      },
      "1": {
        "name": "EmptyState",
        "decl": { "start": { "line": 27, "column": 16 }, "end": { "line": 27, "column": 27 } },
        "loc": { "start": { "line": 27, "column": 93 }, "end": { "line": 41, "column": null } },
        "line": 27
      }
    },
    "branchMap": {
      "0": {
        "loc": { "start": { "line": 34, "column": 9 }, "end": { "line": 34, "column": null } },
        "type": "binary-expr",
        "locations": [
          { "start": { "line": 34, "column": 9 }, "end": { "line": 34, "column": 17 } },
          { "start": { "line": 34, "column": 17 }, "end": { "line": 34, "column": null } }
        ],
        "line": 34
      },
      "1": {
        "loc": { "start": { "line": 37, "column": 7 }, "end": { "line": 37, "column": null } },
        "type": "binary-expr",
        "locations": [
          { "start": { "line": 37, "column": 7 }, "end": { "line": 37, "column": 22 } },
          { "start": { "line": 37, "column": 22 }, "end": { "line": 37, "column": null } }
        ],
        "line": 37
      },
      "2": {
        "loc": { "start": { "line": 38, "column": 7 }, "end": { "line": 38, "column": null } },
        "type": "binary-expr",
        "locations": [
          { "start": { "line": 38, "column": 7 }, "end": { "line": 38, "column": 17 } },
          { "start": { "line": 38, "column": 17 }, "end": { "line": 38, "column": null } }
        ],
        "line": 38
      }
    },
    "s": { "0": 0, "1": 0, "2": 0 },
    "f": { "0": 0, "1": 0 },
    "b": { "0": [0, 0], "1": [0, 0], "2": [0, 0] },
    "meta": {
      "lastBranch": 3,
      "lastFunction": 2,
      "lastStatement": 3,
      "seen": {
        "s:11:20:24:Infinity": 0,
        "f:11:20:11:Infinity": 0,
        "s:12:2:24:Infinity": 1,
        "f:27:16:27:27": 1,
        "s:28:2:39:Infinity": 2,
        "b:34:9:34:17:34:17:34:Infinity": 0,
        "b:37:7:37:22:37:22:37:Infinity": 1,
        "b:38:7:38:17:38:17:38:Infinity": 2
      }
    }
  },
  "/Volumes/T9/Condor Salud Saas/condor-salud/src/components/ui/FilterBar.tsx": {
    "path": "/Volumes/T9/Condor Salud Saas/condor-salud/src/components/ui/FilterBar.tsx",
    "statementMap": {
      "0": { "start": { "line": 25, "column": 2 }, "end": { "line": 59, "column": null } },
      "1": { "start": { "line": 35, "column": 8 }, "end": { "line": 55, "column": null } },
      "2": { "start": { "line": 41, "column": 31 }, "end": { "line": 41, "column": null } },
      "3": { "start": { "line": 50, "column": 31 }, "end": { "line": 50, "column": null } }
    },
    "fnMap": {
      "0": {
        "name": "FilterBar",
        "decl": { "start": { "line": 24, "column": 16 }, "end": { "line": 24, "column": 26 } },
        "loc": { "start": { "line": 24, "column": 75 }, "end": { "line": 61, "column": null } },
        "line": 24
      },
      "1": {
        "name": "(anonymous_1)",
        "decl": { "start": { "line": 34, "column": 19 }, "end": { "line": 34, "column": 20 } },
        "loc": { "start": { "line": 35, "column": 8 }, "end": { "line": 55, "column": null } },
        "line": 35
      },
      "2": {
        "name": "(anonymous_2)",
        "decl": { "start": { "line": 41, "column": 24 }, "end": { "line": 41, "column": 25 } },
        "loc": { "start": { "line": 41, "column": 31 }, "end": { "line": 41, "column": null } },
        "line": 41
      },
      "3": {
        "name": "(anonymous_3)",
        "decl": { "start": { "line": 50, "column": 24 }, "end": { "line": 50, "column": 25 } },
        "loc": { "start": { "line": 50, "column": 31 }, "end": { "line": 50, "column": null } },
        "line": 50
      }
    },
    "branchMap": {
      "0": {
        "loc": { "start": { "line": 35, "column": 8 }, "end": { "line": 55, "column": null } },
        "type": "cond-expr",
        "locations": [
          { "start": { "line": 36, "column": 10 }, "end": { "line": 44, "column": null } },
          { "start": { "line": 46, "column": 10 }, "end": { "line": 55, "column": null } }
        ],
        "line": 35
      },
      "1": {
        "loc": { "start": { "line": 39, "column": 23 }, "end": { "line": 39, "column": null } },
        "type": "binary-expr",
        "locations": [
          { "start": { "line": 39, "column": 23 }, "end": { "line": 39, "column": 36 } },
          { "start": { "line": 39, "column": 36 }, "end": { "line": 39, "column": null } }
        ],
        "line": 39
      },
      "2": {
        "loc": { "start": { "line": 51, "column": 27 }, "end": { "line": 51, "column": null } },
        "type": "binary-expr",
        "locations": [
          { "start": { "line": 51, "column": 27 }, "end": { "line": 51, "column": 44 } },
          { "start": { "line": 51, "column": 44 }, "end": { "line": 51, "column": null } }
        ],
        "line": 51
      },
      "3": {
        "loc": { "start": { "line": 53, "column": 26 }, "end": { "line": 53, "column": null } },
        "type": "binary-expr",
        "locations": [
          { "start": { "line": 53, "column": 26 }, "end": { "line": 53, "column": 37 } },
          { "start": { "line": 53, "column": 37 }, "end": { "line": 53, "column": null } }
        ],
        "line": 53
      },
      "4": {
        "loc": { "start": { "line": 58, "column": 7 }, "end": { "line": 58, "column": null } },
        "type": "binary-expr",
        "locations": [
          { "start": { "line": 58, "column": 7 }, "end": { "line": 58, "column": 18 } },
          { "start": { "line": 58, "column": 18 }, "end": { "line": 58, "column": null } }
        ],
        "line": 58
      }
    },
    "s": { "0": 0, "1": 0, "2": 0, "3": 0 },
    "f": { "0": 0, "1": 0, "2": 0, "3": 0 },
    "b": { "0": [0, 0], "1": [0, 0], "2": [0, 0], "3": [0, 0], "4": [0, 0] },
    "meta": {
      "lastBranch": 5,
      "lastFunction": 4,
      "lastStatement": 4,
      "seen": {
        "f:24:16:24:26": 0,
        "s:25:2:59:Infinity": 0,
        "f:34:19:34:20": 1,
        "s:35:8:55:Infinity": 1,
        "b:36:10:44:Infinity:46:10:55:Infinity": 0,
        "b:39:23:39:36:39:36:39:Infinity": 1,
        "f:41:24:41:25": 2,
        "s:41:31:41:Infinity": 2,
        "f:50:24:50:25": 3,
        "s:50:31:50:Infinity": 3,
        "b:51:27:51:44:51:44:51:Infinity": 2,
        "b:53:26:53:37:53:37:53:Infinity": 3,
        "b:58:7:58:18:58:18:58:Infinity": 4
      }
    }
  },
  "/Volumes/T9/Condor Salud Saas/condor-salud/src/components/ui/Input.tsx": {
    "path": "/Volumes/T9/Condor Salud Saas/condor-salud/src/components/ui/Input.tsx",
    "statementMap": {
      "0": { "start": { "line": 10, "column": 6 }, "end": { "line": 64, "column": null } },
      "1": { "start": { "line": 12, "column": 20 }, "end": { "line": 12, "column": null } },
      "2": { "start": { "line": 13, "column": 20 }, "end": { "line": 13, "column": null } },
      "3": { "start": { "line": 14, "column": 19 }, "end": { "line": 14, "column": null } },
      "4": { "start": { "line": 16, "column": 4 }, "end": { "line": 61, "column": null } },
      "5": { "start": { "line": 66, "column": 0 }, "end": { "line": 66, "column": null } }
    },
    "fnMap": {
      "0": {
        "name": "(anonymous_0)",
        "decl": { "start": { "line": 11, "column": 2 }, "end": { "line": 11, "column": 3 } },
        "loc": { "start": { "line": 11, "column": 75 }, "end": { "line": 63, "column": null } },
        "line": 11
      }
    },
    "branchMap": {
      "0": {
        "loc": { "start": { "line": 11, "column": 40 }, "end": { "line": 11, "column": 55 } },
        "type": "default-arg",
        "locations": [
          { "start": { "line": 11, "column": 47 }, "end": { "line": 11, "column": 55 } }
        ],
        "line": 11
      },
      "1": {
        "loc": { "start": { "line": 12, "column": 20 }, "end": { "line": 12, "column": null } },
        "type": "binary-expr",
        "locations": [
          { "start": { "line": 12, "column": 20 }, "end": { "line": 12, "column": 26 } },
          { "start": { "line": 12, "column": 26 }, "end": { "line": 12, "column": null } }
        ],
        "line": 12
      },
      "2": {
        "loc": { "start": { "line": 13, "column": 20 }, "end": { "line": 13, "column": null } },
        "type": "cond-expr",
        "locations": [
          { "start": { "line": 13, "column": 28 }, "end": { "line": 13, "column": 49 } },
          { "start": { "line": 13, "column": 49 }, "end": { "line": 13, "column": null } }
        ],
        "line": 13
      },
      "3": {
        "loc": { "start": { "line": 14, "column": 19 }, "end": { "line": 14, "column": null } },
        "type": "cond-expr",
        "locations": [
          { "start": { "line": 14, "column": 26 }, "end": { "line": 14, "column": 46 } },
          { "start": { "line": 14, "column": 46 }, "end": { "line": 14, "column": null } }
        ],
        "line": 14
      },
      "4": {
        "loc": { "start": { "line": 18, "column": 9 }, "end": { "line": 21, "column": null } },
        "type": "binary-expr",
        "locations": [
          { "start": { "line": 18, "column": 9 }, "end": { "line": 18, "column": null } },
          { "start": { "line": 19, "column": 10 }, "end": { "line": 21, "column": null } }
        ],
        "line": 18
      },
      "5": {
        "loc": { "start": { "line": 32, "column": 12 }, "end": { "line": 32, "column": null } },
        "type": "cond-expr",
        "locations": [
          { "start": { "line": 32, "column": 20 }, "end": { "line": 32, "column": 79 } },
          { "start": { "line": 32, "column": 79 }, "end": { "line": 32, "column": null } }
        ],
        "line": 32
      },
      "6": {
        "loc": { "start": { "line": 35, "column": 24 }, "end": { "line": 35, "column": null } },
        "type": "cond-expr",
        "locations": [
          { "start": { "line": 35, "column": 32 }, "end": { "line": 35, "column": 41 } },
          { "start": { "line": 35, "column": 41 }, "end": { "line": 35, "column": null } }
        ],
        "line": 35
      },
      "7": {
        "loc": { "start": { "line": 36, "column": 28 }, "end": { "line": 36, "column": null } },
        "type": "binary-expr",
        "locations": [
          { "start": { "line": 36, "column": 28 }, "end": { "line": 36, "column": 75 } },
          { "start": { "line": 36, "column": 75 }, "end": { "line": 36, "column": null } }
        ],
        "line": 36
      },
      "8": {
        "loc": { "start": { "line": 39, "column": 9 }, "end": { "line": 54, "column": null } },
        "type": "binary-expr",
        "locations": [
          { "start": { "line": 39, "column": 9 }, "end": { "line": 39, "column": null } },
          { "start": { "line": 40, "column": 10 }, "end": { "line": 54, "column": null } }
        ],
        "line": 39
      },
      "9": {
        "loc": { "start": { "line": 56, "column": 9 }, "end": { "line": 59, "column": null } },
        "type": "binary-expr",
        "locations": [
          { "start": { "line": 56, "column": 9 }, "end": { "line": 56, "column": 17 } },
          { "start": { "line": 56, "column": 17 }, "end": { "line": 56, "column": null } },
          { "start": { "line": 57, "column": 10 }, "end": { "line": 59, "column": null } }
        ],
        "line": 56
      }
    },
    "s": { "0": 0, "1": 0, "2": 0, "3": 0, "4": 0, "5": 0 },
    "f": { "0": 0 },
    "b": {
      "0": [0],
      "1": [0, 0],
      "2": [0, 0],
      "3": [0, 0],
      "4": [0, 0],
      "5": [0, 0],
      "6": [0, 0],
      "7": [0, 0],
      "8": [0, 0],
      "9": [0, 0, 0]
    },
    "meta": {
      "lastBranch": 10,
      "lastFunction": 1,
      "lastStatement": 6,
      "seen": {
        "s:10:6:64:Infinity": 0,
        "f:11:2:11:3": 0,
        "b:11:47:11:55": 0,
        "s:12:20:12:Infinity": 1,
        "b:12:20:12:26:12:26:12:Infinity": 1,
        "s:13:20:13:Infinity": 2,
        "b:13:28:13:49:13:49:13:Infinity": 2,
        "s:14:19:14:Infinity": 3,
        "b:14:26:14:46:14:46:14:Infinity": 3,
        "s:16:4:61:Infinity": 4,
        "b:18:9:18:Infinity:19:10:21:Infinity": 4,
        "b:32:20:32:79:32:79:32:Infinity": 5,
        "b:35:32:35:41:35:41:35:Infinity": 6,
        "b:36:28:36:75:36:75:36:Infinity": 7,
        "b:39:9:39:Infinity:40:10:54:Infinity": 8,
        "b:56:9:56:17:56:17:56:Infinity:57:10:59:Infinity": 9,
        "s:66:0:66:Infinity": 5
      }
    }
  },
  "/Volumes/T9/Condor Salud Saas/condor-salud/src/components/ui/KPICard.tsx": {
    "path": "/Volumes/T9/Condor Salud Saas/condor-salud/src/components/ui/KPICard.tsx",
    "statementMap": {
      "0": { "start": { "line": 9, "column": 41 }, "end": { "line": 14, "column": null } },
      "1": { "start": { "line": 17, "column": 2 }, "end": { "line": 52, "column": null } },
      "2": { "start": { "line": 62, "column": 2 }, "end": { "line": 71, "column": null } },
      "3": { "start": { "line": 69, "column": 8 }, "end": { "line": 69, "column": null } }
    },
    "fnMap": {
      "0": {
        "name": "KPICard",
        "decl": { "start": { "line": 16, "column": 16 }, "end": { "line": 16, "column": 24 } },
        "loc": { "start": { "line": 16, "column": 58 }, "end": { "line": 54, "column": null } },
        "line": 16
      },
      "1": {
        "name": "KPIGrid",
        "decl": { "start": { "line": 61, "column": 16 }, "end": { "line": 61, "column": 24 } },
        "loc": { "start": { "line": 61, "column": 59 }, "end": { "line": 73, "column": null } },
        "line": 61
      },
      "2": {
        "name": "(anonymous_2)",
        "decl": { "start": { "line": 68, "column": 16 }, "end": { "line": 68, "column": 17 } },
        "loc": { "start": { "line": 69, "column": 8 }, "end": { "line": 69, "column": null } },
        "line": 69
      }
    },
    "branchMap": {
      "0": {
        "loc": { "start": { "line": 21, "column": 8 }, "end": { "line": 21, "column": null } },
        "type": "binary-expr",
        "locations": [
          { "start": { "line": 21, "column": 8 }, "end": { "line": 21, "column": 31 } },
          { "start": { "line": 21, "column": 31 }, "end": { "line": 21, "column": null } }
        ],
        "line": 21
      },
      "1": {
        "loc": { "start": { "line": 32, "column": 50 }, "end": { "line": 32, "column": 94 } },
        "type": "cond-expr",
        "locations": [
          { "start": { "line": 32, "column": 59 }, "end": { "line": 32, "column": 80 } },
          { "start": { "line": 32, "column": 80 }, "end": { "line": 32, "column": 94 } }
        ],
        "line": 32
      },
      "2": {
        "loc": { "start": { "line": 43, "column": 13 }, "end": { "line": 46, "column": null } },
        "type": "cond-expr",
        "locations": [
          { "start": { "line": 44, "column": 14 }, "end": { "line": 44, "column": null } },
          { "start": { "line": 46, "column": 14 }, "end": { "line": 46, "column": null } }
        ],
        "line": 43
      }
    },
    "s": { "0": 0, "1": 0, "2": 0, "3": 0 },
    "f": { "0": 0, "1": 0, "2": 0 },
    "b": { "0": [0, 0], "1": [0, 0], "2": [0, 0] },
    "meta": {
      "lastBranch": 3,
      "lastFunction": 3,
      "lastStatement": 4,
      "seen": {
        "s:9:41:14:Infinity": 0,
        "f:16:16:16:24": 0,
        "s:17:2:52:Infinity": 1,
        "b:21:8:21:31:21:31:21:Infinity": 0,
        "b:32:59:32:80:32:80:32:94": 1,
        "b:44:14:44:Infinity:46:14:46:Infinity": 2,
        "f:61:16:61:24": 1,
        "s:62:2:71:Infinity": 2,
        "f:68:16:68:17": 2,
        "s:69:8:69:Infinity": 3
      }
    }
  },
  "/Volumes/T9/Condor Salud Saas/condor-salud/src/components/ui/Modal.tsx": {
    "path": "/Volumes/T9/Condor Salud Saas/condor-salud/src/components/ui/Modal.tsx",
    "statementMap": {
      "0": { "start": { "line": 16, "column": 14 }, "end": { "line": 21, "column": null } },
      "1": { "start": { "line": 32, "column": 8 }, "end": { "line": 32, "column": null } },
      "2": { "start": { "line": 33, "column": 8 }, "end": { "line": 33, "column": null } },
      "3": { "start": { "line": 35, "column": 2 }, "end": { "line": 51, "column": null } },
      "4": { "start": { "line": 36, "column": 19 }, "end": { "line": 36, "column": null } },
      "5": { "start": { "line": 37, "column": 4 }, "end": { "line": 37, "column": null } },
      "6": { "start": { "line": 37, "column": 17 }, "end": { "line": 37, "column": null } },
      "7": { "start": { "line": 39, "column": 4 }, "end": { "line": 50, "column": null } },
      "8": { "start": { "line": 40, "column": 6 }, "end": { "line": 40, "column": null } },
      "9": { "start": { "line": 41, "column": 6 }, "end": { "line": 41, "column": null } },
      "10": { "start": { "line": 43, "column": 24 }, "end": { "line": 45, "column": null } },
      "11": { "start": { "line": 46, "column": 6 }, "end": { "line": 46, "column": null } },
      "12": { "start": { "line": 48, "column": 6 }, "end": { "line": 48, "column": null } },
      "13": { "start": { "line": 49, "column": 6 }, "end": { "line": 49, "column": null } },
      "14": { "start": { "line": 54, "column": 2 }, "end": { "line": 60, "column": null } },
      "15": { "start": { "line": 55, "column": 20 }, "end": { "line": 57, "column": null } },
      "16": { "start": { "line": 56, "column": 6 }, "end": { "line": 56, "column": null } },
      "17": { "start": { "line": 56, "column": 38 }, "end": { "line": 56, "column": null } },
      "18": { "start": { "line": 58, "column": 4 }, "end": { "line": 58, "column": null } },
      "19": { "start": { "line": 59, "column": 4 }, "end": { "line": 59, "column": null } },
      "20": { "start": { "line": 59, "column": 17 }, "end": { "line": 59, "column": null } },
      "21": { "start": { "line": 62, "column": 30 }, "end": { "line": 64, "column": null } },
      "22": { "start": { "line": 63, "column": 4 }, "end": { "line": 63, "column": null } },
      "23": { "start": { "line": 63, "column": 40 }, "end": { "line": 63, "column": null } },
      "24": { "start": { "line": 66, "column": 2 }, "end": { "line": 66, "column": null } },
      "25": { "start": { "line": 66, "column": 13 }, "end": { "line": 66, "column": null } },
      "26": { "start": { "line": 68, "column": 2 }, "end": { "line": 116, "column": null } }
    },
    "fnMap": {
      "0": {
        "name": "Modal",
        "decl": { "start": { "line": 23, "column": 16 }, "end": { "line": 23, "column": 22 } },
        "loc": { "start": { "line": 31, "column": 15 }, "end": { "line": 118, "column": null } },
        "line": 31
      },
      "1": {
        "name": "(anonymous_1)",
        "decl": { "start": { "line": 35, "column": 12 }, "end": { "line": 35, "column": 18 } },
        "loc": { "start": { "line": 35, "column": 18 }, "end": { "line": 51, "column": 5 } },
        "line": 35
      },
      "2": {
        "name": "(anonymous_2)",
        "decl": { "start": { "line": 54, "column": 12 }, "end": { "line": 54, "column": 18 } },
        "loc": { "start": { "line": 54, "column": 18 }, "end": { "line": 60, "column": 5 } },
        "line": 54
      },
      "3": {
        "name": "(anonymous_3)",
        "decl": { "start": { "line": 55, "column": 20 }, "end": { "line": 55, "column": 21 } },
        "loc": { "start": { "line": 55, "column": 53 }, "end": { "line": 57, "column": null } },
        "line": 55
      },
      "4": {
        "name": "(anonymous_4)",
        "decl": { "start": { "line": 59, "column": 11 }, "end": { "line": 59, "column": 17 } },
        "loc": { "start": { "line": 59, "column": 17 }, "end": { "line": 59, "column": null } },
        "line": 59
      },
      "5": {
        "name": "(anonymous_5)",
        "decl": { "start": { "line": 62, "column": 30 }, "end": { "line": 62, "column": 31 } },
        "loc": { "start": { "line": 62, "column": 68 }, "end": { "line": 64, "column": null } },
        "line": 62
      }
    },
    "branchMap": {
      "0": {
        "loc": { "start": { "line": 29, "column": 2 }, "end": { "line": 29, "column": null } },
        "type": "default-arg",
        "locations": [
          { "start": { "line": 29, "column": 9 }, "end": { "line": 29, "column": null } }
        ],
        "line": 29
      },
      "1": {
        "loc": { "start": { "line": 37, "column": 4 }, "end": { "line": 37, "column": null } },
        "type": "if",
        "locations": [
          { "start": { "line": 37, "column": 4 }, "end": { "line": 37, "column": null } },
          { "start": {}, "end": {} }
        ],
        "line": 37
      },
      "2": {
        "loc": { "start": { "line": 39, "column": 4 }, "end": { "line": 50, "column": null } },
        "type": "if",
        "locations": [
          { "start": { "line": 39, "column": 4 }, "end": { "line": 50, "column": null } },
          { "start": { "line": 47, "column": 11 }, "end": { "line": 50, "column": null } }
        ],
        "line": 39
      },
      "3": {
        "loc": { "start": { "line": 56, "column": 6 }, "end": { "line": 56, "column": null } },
        "type": "if",
        "locations": [
          { "start": { "line": 56, "column": 6 }, "end": { "line": 56, "column": null } },
          { "start": {}, "end": {} }
        ],
        "line": 56
      },
      "4": {
        "loc": { "start": { "line": 56, "column": 10 }, "end": { "line": 56, "column": 38 } },
        "type": "binary-expr",
        "locations": [
          { "start": { "line": 56, "column": 10 }, "end": { "line": 56, "column": 32 } },
          { "start": { "line": 56, "column": 32 }, "end": { "line": 56, "column": 38 } }
        ],
        "line": 56
      },
      "5": {
        "loc": { "start": { "line": 63, "column": 4 }, "end": { "line": 63, "column": null } },
        "type": "if",
        "locations": [
          { "start": { "line": 63, "column": 4 }, "end": { "line": 63, "column": null } },
          { "start": {}, "end": {} }
        ],
        "line": 63
      },
      "6": {
        "loc": { "start": { "line": 66, "column": 2 }, "end": { "line": 66, "column": null } },
        "type": "if",
        "locations": [
          { "start": { "line": 66, "column": 2 }, "end": { "line": 66, "column": null } },
          { "start": {}, "end": {} }
        ],
        "line": 66
      },
      "7": {
        "loc": { "start": { "line": 110, "column": 9 }, "end": { "line": 113, "column": null } },
        "type": "binary-expr",
        "locations": [
          { "start": { "line": 110, "column": 9 }, "end": { "line": 110, "column": null } },
          { "start": { "line": 111, "column": 10 }, "end": { "line": 113, "column": null } }
        ],
        "line": 110
      }
    },
    "s": {
      "0": 0,
      "1": 0,
      "2": 0,
      "3": 0,
      "4": 0,
      "5": 0,
      "6": 0,
      "7": 0,
      "8": 0,
      "9": 0,
      "10": 0,
      "11": 0,
      "12": 0,
      "13": 0,
      "14": 0,
      "15": 0,
      "16": 0,
      "17": 0,
      "18": 0,
      "19": 0,
      "20": 0,
      "21": 0,
      "22": 0,
      "23": 0,
      "24": 0,
      "25": 0,
      "26": 0
    },
    "f": { "0": 0, "1": 0, "2": 0, "3": 0, "4": 0, "5": 0 },
    "b": {
      "0": [0],
      "1": [0, 0],
      "2": [0, 0],
      "3": [0, 0],
      "4": [0, 0],
      "5": [0, 0],
      "6": [0, 0],
      "7": [0, 0]
    },
    "meta": {
      "lastBranch": 8,
      "lastFunction": 6,
      "lastStatement": 27,
      "seen": {
        "s:16:14:21:Infinity": 0,
        "f:23:16:23:22": 0,
        "b:29:9:29:Infinity": 0,
        "s:32:8:32:Infinity": 1,
        "s:33:8:33:Infinity": 2,
        "s:35:2:51:Infinity": 3,
        "f:35:12:35:18": 1,
        "s:36:19:36:Infinity": 4,
        "b:37:4:37:Infinity:undefined:undefined:undefined:undefined": 1,
        "s:37:4:37:Infinity": 5,
        "s:37:17:37:Infinity": 6,
        "b:39:4:50:Infinity:47:11:50:Infinity": 2,
        "s:39:4:50:Infinity": 7,
        "s:40:6:40:Infinity": 8,
        "s:41:6:41:Infinity": 9,
        "s:43:24:45:Infinity": 10,
        "s:46:6:46:Infinity": 11,
        "s:48:6:48:Infinity": 12,
        "s:49:6:49:Infinity": 13,
        "s:54:2:60:Infinity": 14,
        "f:54:12:54:18": 2,
        "s:55:20:57:Infinity": 15,
        "f:55:20:55:21": 3,
        "b:56:6:56:Infinity:undefined:undefined:undefined:undefined": 3,
        "s:56:6:56:Infinity": 16,
        "b:56:10:56:32:56:32:56:38": 4,
        "s:56:38:56:Infinity": 17,
        "s:58:4:58:Infinity": 18,
        "s:59:4:59:Infinity": 19,
        "f:59:11:59:17": 4,
        "s:59:17:59:Infinity": 20,
        "s:62:30:64:Infinity": 21,
        "f:62:30:62:31": 5,
        "b:63:4:63:Infinity:undefined:undefined:undefined:undefined": 5,
        "s:63:4:63:Infinity": 22,
        "s:63:40:63:Infinity": 23,
        "b:66:2:66:Infinity:undefined:undefined:undefined:undefined": 6,
        "s:66:2:66:Infinity": 24,
        "s:66:13:66:Infinity": 25,
        "s:68:2:116:Infinity": 26,
        "b:110:9:110:Infinity:111:10:113:Infinity": 7
      }
    }
  },
  "/Volumes/T9/Condor Salud Saas/condor-salud/src/components/ui/PageHeader.tsx": {
    "path": "/Volumes/T9/Condor Salud Saas/condor-salud/src/components/ui/PageHeader.tsx",
    "statementMap": {
      "0": { "start": { "line": 19, "column": 2 }, "end": { "line": 44, "column": null } },
      "1": { "start": { "line": 24, "column": 12 }, "end": { "line": 33, "column": null } }
    },
    "fnMap": {
      "0": {
        "name": "PageHeader",
        "decl": { "start": { "line": 12, "column": 16 }, "end": { "line": 12, "column": 27 } },
        "loc": { "start": { "line": 18, "column": 20 }, "end": { "line": 46, "column": null } },
        "line": 18
      },
      "1": {
        "name": "(anonymous_1)",
        "decl": { "start": { "line": 23, "column": 27 }, "end": { "line": 23, "column": 28 } },
        "loc": { "start": { "line": 24, "column": 12 }, "end": { "line": 33, "column": null } },
        "line": 24
      }
    },
    "branchMap": {
      "0": {
        "loc": { "start": { "line": 21, "column": 7 }, "end": { "line": 35, "column": null } },
        "type": "binary-expr",
        "locations": [
          { "start": { "line": 21, "column": 7 }, "end": { "line": 21, "column": 22 } },
          { "start": { "line": 21, "column": 22 }, "end": { "line": 21, "column": null } },
          { "start": { "line": 22, "column": 8 }, "end": { "line": 35, "column": null } }
        ],
        "line": 21
      },
      "1": {
        "loc": { "start": { "line": 25, "column": 15 }, "end": { "line": 25, "column": null } },
        "type": "binary-expr",
        "locations": [
          { "start": { "line": 25, "column": 15 }, "end": { "line": 25, "column": 24 } },
          { "start": { "line": 25, "column": 24 }, "end": { "line": 25, "column": null } }
        ],
        "line": 25
      },
      "2": {
        "loc": { "start": { "line": 26, "column": 15 }, "end": { "line": 31, "column": null } },
        "type": "cond-expr",
        "locations": [
          { "start": { "line": 27, "column": 16 }, "end": { "line": 29, "column": null } },
          { "start": { "line": 31, "column": 16 }, "end": { "line": 31, "column": null } }
        ],
        "line": 26
      },
      "3": {
        "loc": { "start": { "line": 40, "column": 11 }, "end": { "line": 40, "column": null } },
        "type": "binary-expr",
        "locations": [
          { "start": { "line": 40, "column": 11 }, "end": { "line": 40, "column": 26 } },
          { "start": { "line": 40, "column": 26 }, "end": { "line": 40, "column": null } }
        ],
        "line": 40
      },
      "4": {
        "loc": { "start": { "line": 42, "column": 9 }, "end": { "line": 42, "column": null } },
        "type": "binary-expr",
        "locations": [
          { "start": { "line": 42, "column": 9 }, "end": { "line": 42, "column": 20 } },
          { "start": { "line": 42, "column": 20 }, "end": { "line": 42, "column": null } }
        ],
        "line": 42
      }
    },
    "s": { "0": 0, "1": 0 },
    "f": { "0": 0, "1": 0 },
    "b": { "0": [0, 0, 0], "1": [0, 0], "2": [0, 0], "3": [0, 0], "4": [0, 0] },
    "meta": {
      "lastBranch": 5,
      "lastFunction": 2,
      "lastStatement": 2,
      "seen": {
        "f:12:16:12:27": 0,
        "s:19:2:44:Infinity": 0,
        "b:21:7:21:22:21:22:21:Infinity:22:8:35:Infinity": 0,
        "f:23:27:23:28": 1,
        "s:24:12:33:Infinity": 1,
        "b:25:15:25:24:25:24:25:Infinity": 1,
        "b:27:16:29:Infinity:31:16:31:Infinity": 2,
        "b:40:11:40:26:40:26:40:Infinity": 3,
        "b:42:9:42:20:42:20:42:Infinity": 4
      }
    }
  },
  "/Volumes/T9/Condor Salud Saas/condor-salud/src/components/ui/Select.tsx": {
    "path": "/Volumes/T9/Condor Salud Saas/condor-salud/src/components/ui/Select.tsx",
    "statementMap": {
      "0": { "start": { "line": 17, "column": 6 }, "end": { "line": 63, "column": null } },
      "1": { "start": { "line": 19, "column": 21 }, "end": { "line": 19, "column": null } },
      "2": { "start": { "line": 20, "column": 20 }, "end": { "line": 20, "column": null } },
      "3": { "start": { "line": 22, "column": 4 }, "end": { "line": 60, "column": null } },
      "4": { "start": { "line": 50, "column": 12 }, "end": { "line": 52, "column": null } },
      "5": { "start": { "line": 65, "column": 0 }, "end": { "line": 65, "column": null } }
    },
    "fnMap": {
      "0": {
        "name": "(anonymous_0)",
        "decl": { "start": { "line": 18, "column": 2 }, "end": { "line": 18, "column": 3 } },
        "loc": { "start": { "line": 18, "column": 76 }, "end": { "line": 62, "column": null } },
        "line": 18
      },
      "1": {
        "name": "(anonymous_1)",
        "decl": { "start": { "line": 49, "column": 23 }, "end": { "line": 49, "column": 24 } },
        "loc": { "start": { "line": 50, "column": 12 }, "end": { "line": 52, "column": null } },
        "line": 50
      }
    },
    "branchMap": {
      "0": {
        "loc": { "start": { "line": 19, "column": 21 }, "end": { "line": 19, "column": null } },
        "type": "binary-expr",
        "locations": [
          { "start": { "line": 19, "column": 21 }, "end": { "line": 19, "column": 27 } },
          { "start": { "line": 19, "column": 27 }, "end": { "line": 19, "column": null } }
        ],
        "line": 19
      },
      "1": {
        "loc": { "start": { "line": 20, "column": 20 }, "end": { "line": 20, "column": null } },
        "type": "cond-expr",
        "locations": [
          { "start": { "line": 20, "column": 28 }, "end": { "line": 20, "column": 50 } },
          { "start": { "line": 20, "column": 50 }, "end": { "line": 20, "column": null } }
        ],
        "line": 20
      },
      "2": {
        "loc": { "start": { "line": 24, "column": 9 }, "end": { "line": 27, "column": null } },
        "type": "binary-expr",
        "locations": [
          { "start": { "line": 24, "column": 9 }, "end": { "line": 24, "column": null } },
          { "start": { "line": 25, "column": 10 }, "end": { "line": 27, "column": null } }
        ],
        "line": 24
      },
      "3": {
        "loc": { "start": { "line": 37, "column": 12 }, "end": { "line": 37, "column": null } },
        "type": "cond-expr",
        "locations": [
          { "start": { "line": 37, "column": 20 }, "end": { "line": 37, "column": 39 } },
          { "start": { "line": 37, "column": 39 }, "end": { "line": 37, "column": null } }
        ],
        "line": 37
      },
      "4": {
        "loc": { "start": { "line": 40, "column": 24 }, "end": { "line": 40, "column": null } },
        "type": "cond-expr",
        "locations": [
          { "start": { "line": 40, "column": 32 }, "end": { "line": 40, "column": 41 } },
          { "start": { "line": 40, "column": 41 }, "end": { "line": 40, "column": null } }
        ],
        "line": 40
      },
      "5": {
        "loc": { "start": { "line": 44, "column": 11 }, "end": { "line": 47, "column": null } },
        "type": "binary-expr",
        "locations": [
          { "start": { "line": 44, "column": 11 }, "end": { "line": 44, "column": null } },
          { "start": { "line": 45, "column": 12 }, "end": { "line": 47, "column": null } }
        ],
        "line": 44
      },
      "6": {
        "loc": { "start": { "line": 55, "column": 9 }, "end": { "line": 58, "column": null } },
        "type": "binary-expr",
        "locations": [
          { "start": { "line": 55, "column": 9 }, "end": { "line": 55, "column": null } },
          { "start": { "line": 56, "column": 10 }, "end": { "line": 58, "column": null } }
        ],
        "line": 55
      }
    },
    "s": { "0": 0, "1": 0, "2": 0, "3": 0, "4": 0, "5": 0 },
    "f": { "0": 0, "1": 0 },
    "b": {
      "0": [0, 0],
      "1": [0, 0],
      "2": [0, 0],
      "3": [0, 0],
      "4": [0, 0],
      "5": [0, 0],
      "6": [0, 0]
    },
    "meta": {
      "lastBranch": 7,
      "lastFunction": 2,
      "lastStatement": 6,
      "seen": {
        "s:17:6:63:Infinity": 0,
        "f:18:2:18:3": 0,
        "s:19:21:19:Infinity": 1,
        "b:19:21:19:27:19:27:19:Infinity": 0,
        "s:20:20:20:Infinity": 2,
        "b:20:28:20:50:20:50:20:Infinity": 1,
        "s:22:4:60:Infinity": 3,
        "b:24:9:24:Infinity:25:10:27:Infinity": 2,
        "b:37:20:37:39:37:39:37:Infinity": 3,
        "b:40:32:40:41:40:41:40:Infinity": 4,
        "b:44:11:44:Infinity:45:12:47:Infinity": 5,
        "f:49:23:49:24": 1,
        "s:50:12:52:Infinity": 4,
        "b:55:9:55:Infinity:56:10:58:Infinity": 6,
        "s:65:0:65:Infinity": 5
      }
    }
  },
  "/Volumes/T9/Condor Salud Saas/condor-salud/src/components/ui/Skeleton.tsx": {
    "path": "/Volumes/T9/Condor Salud Saas/condor-salud/src/components/ui/Skeleton.tsx",
    "statementMap": {
      "0": { "start": { "line": 8, "column": 2 }, "end": { "line": 13, "column": null } },
      "1": { "start": { "line": 20, "column": 2 }, "end": { "line": 25, "column": null } },
      "2": { "start": { "line": 30, "column": 2 }, "end": { "line": 35, "column": null } },
      "3": { "start": { "line": 33, "column": 8 }, "end": { "line": 33, "column": null } },
      "4": { "start": { "line": 40, "column": 2 }, "end": { "line": 56, "column": null } },
      "5": { "start": { "line": 45, "column": 10 }, "end": { "line": 45, "column": null } },
      "6": { "start": { "line": 50, "column": 8 }, "end": { "line": 54, "column": null } },
      "7": { "start": { "line": 52, "column": 12 }, "end": { "line": 52, "column": null } },
      "8": { "start": { "line": 61, "column": 2 }, "end": { "line": 66, "column": null } },
      "9": { "start": { "line": 71, "column": 2 }, "end": { "line": 80, "column": null } }
    },
    "fnMap": {
      "0": {
        "name": "Skeleton",
        "decl": { "start": { "line": 7, "column": 16 }, "end": { "line": 7, "column": 25 } },
        "loc": { "start": { "line": 7, "column": 55 }, "end": { "line": 15, "column": null } },
        "line": 7
      },
      "1": {
        "name": "KPICardSkeleton",
        "decl": { "start": { "line": 19, "column": 16 }, "end": { "line": 19, "column": 34 } },
        "loc": { "start": { "line": 19, "column": 34 }, "end": { "line": 27, "column": null } },
        "line": 19
      },
      "2": {
        "name": "KPIGridSkeleton",
        "decl": { "start": { "line": 29, "column": 16 }, "end": { "line": 29, "column": 32 } },
        "loc": { "start": { "line": 29, "column": 67 }, "end": { "line": 37, "column": null } },
        "line": 29
      },
      "3": {
        "name": "(anonymous_3)",
        "decl": { "start": { "line": 32, "column": 41 }, "end": { "line": 32, "column": 42 } },
        "loc": { "start": { "line": 33, "column": 8 }, "end": { "line": 33, "column": null } },
        "line": 33
      },
      "4": {
        "name": "TableSkeleton",
        "decl": { "start": { "line": 39, "column": 16 }, "end": { "line": 39, "column": 30 } },
        "loc": { "start": { "line": 39, "column": 88 }, "end": { "line": 58, "column": null } },
        "line": 39
      },
      "5": {
        "name": "(anonymous_5)",
        "decl": { "start": { "line": 44, "column": 42 }, "end": { "line": 44, "column": 43 } },
        "loc": { "start": { "line": 45, "column": 10 }, "end": { "line": 45, "column": null } },
        "line": 45
      },
      "6": {
        "name": "(anonymous_6)",
        "decl": { "start": { "line": 49, "column": 40 }, "end": { "line": 49, "column": 41 } },
        "loc": { "start": { "line": 50, "column": 8 }, "end": { "line": 54, "column": null } },
        "line": 50
      },
      "7": {
        "name": "(anonymous_7)",
        "decl": { "start": { "line": 51, "column": 44 }, "end": { "line": 51, "column": 45 } },
        "loc": { "start": { "line": 52, "column": 12 }, "end": { "line": 52, "column": null } },
        "line": 52
      },
      "8": {
        "name": "FilterBarSkeleton",
        "decl": { "start": { "line": 60, "column": 16 }, "end": { "line": 60, "column": 36 } },
        "loc": { "start": { "line": 60, "column": 36 }, "end": { "line": 68, "column": null } },
        "line": 60
      },
      "9": {
        "name": "PageSkeleton",
        "decl": { "start": { "line": 70, "column": 16 }, "end": { "line": 70, "column": 31 } },
        "loc": { "start": { "line": 70, "column": 31 }, "end": { "line": 82, "column": null } },
        "line": 70
      }
    },
    "branchMap": {
      "0": {
        "loc": { "start": { "line": 29, "column": 34 }, "end": { "line": 29, "column": 44 } },
        "type": "default-arg",
        "locations": [
          { "start": { "line": 29, "column": 42 }, "end": { "line": 29, "column": 44 } }
        ],
        "line": 29
      },
      "1": {
        "loc": { "start": { "line": 39, "column": 32 }, "end": { "line": 39, "column": 42 } },
        "type": "default-arg",
        "locations": [
          { "start": { "line": 39, "column": 39 }, "end": { "line": 39, "column": 42 } }
        ],
        "line": 39
      },
      "2": {
        "loc": { "start": { "line": 39, "column": 42 }, "end": { "line": 39, "column": 51 } },
        "type": "default-arg",
        "locations": [
          { "start": { "line": 39, "column": 49 }, "end": { "line": 39, "column": 51 } }
        ],
        "line": 39
      }
    },
    "s": { "0": 0, "1": 0, "2": 0, "3": 0, "4": 0, "5": 0, "6": 0, "7": 0, "8": 0, "9": 0 },
    "f": { "0": 0, "1": 0, "2": 0, "3": 0, "4": 0, "5": 0, "6": 0, "7": 0, "8": 0, "9": 0 },
    "b": { "0": [0], "1": [0], "2": [0] },
    "meta": {
      "lastBranch": 3,
      "lastFunction": 10,
      "lastStatement": 10,
      "seen": {
        "f:7:16:7:25": 0,
        "s:8:2:13:Infinity": 0,
        "f:19:16:19:34": 1,
        "s:20:2:25:Infinity": 1,
        "f:29:16:29:32": 2,
        "b:29:42:29:44": 0,
        "s:30:2:35:Infinity": 2,
        "f:32:41:32:42": 3,
        "s:33:8:33:Infinity": 3,
        "f:39:16:39:30": 4,
        "b:39:39:39:42": 1,
        "b:39:49:39:51": 2,
        "s:40:2:56:Infinity": 4,
        "f:44:42:44:43": 5,
        "s:45:10:45:Infinity": 5,
        "f:49:40:49:41": 6,
        "s:50:8:54:Infinity": 6,
        "f:51:44:51:45": 7,
        "s:52:12:52:Infinity": 7,
        "f:60:16:60:36": 8,
        "s:61:2:66:Infinity": 8,
        "f:70:16:70:31": 9,
        "s:71:2:80:Infinity": 9
      }
    }
  },
  "/Volumes/T9/Condor Salud Saas/condor-salud/src/components/ui/StatusBadge.tsx": {
    "path": "/Volumes/T9/Condor Salud Saas/condor-salud/src/components/ui/StatusBadge.tsx",
    "statementMap": {
      "0": { "start": { "line": 25, "column": 47 }, "end": { "line": 46, "column": null } },
      "1": { "start": { "line": 48, "column": 49 }, "end": { "line": 66, "column": null } },
      "2": { "start": { "line": 75, "column": 23 }, "end": { "line": 75, "column": null } },
      "3": { "start": { "line": 77, "column": 2 }, "end": { "line": 87, "column": null } }
    },
    "fnMap": {
      "0": {
        "name": "StatusBadge",
        "decl": { "start": { "line": 74, "column": 16 }, "end": { "line": 74, "column": 28 } },
        "loc": { "start": { "line": 74, "column": 77 }, "end": { "line": 89, "column": null } },
        "line": 74
      }
    },
    "branchMap": {
      "0": {
        "loc": { "start": { "line": 75, "column": 23 }, "end": { "line": 75, "column": null } },
        "type": "binary-expr",
        "locations": [
          { "start": { "line": 75, "column": 23 }, "end": { "line": 75, "column": 32 } },
          { "start": { "line": 75, "column": 32 }, "end": { "line": 75, "column": 51 } },
          { "start": { "line": 75, "column": 51 }, "end": { "line": 75, "column": null } }
        ],
        "line": 75
      },
      "1": {
        "loc": { "start": { "line": 81, "column": 8 }, "end": { "line": 81, "column": null } },
        "type": "binary-expr",
        "locations": [
          { "start": { "line": 81, "column": 8 }, "end": { "line": 81, "column": 34 } },
          { "start": { "line": 81, "column": 34 }, "end": { "line": 81, "column": null } }
        ],
        "line": 81
      }
    },
    "s": { "0": 0, "1": 0, "2": 0, "3": 0 },
    "f": { "0": 0 },
    "b": { "0": [0, 0, 0], "1": [0, 0] },
    "meta": {
      "lastBranch": 2,
      "lastFunction": 1,
      "lastStatement": 4,
      "seen": {
        "s:25:47:46:Infinity": 0,
        "s:48:49:66:Infinity": 1,
        "f:74:16:74:28": 0,
        "s:75:23:75:Infinity": 2,
        "b:75:23:75:32:75:32:75:51:75:51:75:Infinity": 0,
        "s:77:2:87:Infinity": 3,
        "b:81:8:81:34:81:34:81:Infinity": 1
      }
    }
  },
  "/Volumes/T9/Condor Salud Saas/condor-salud/src/components/ui/Toggle.tsx": {
    "path": "/Volumes/T9/Condor Salud Saas/condor-salud/src/components/ui/Toggle.tsx",
    "statementMap": {
      "0": { "start": { "line": 22, "column": 2 }, "end": { "line": 57, "column": null } },
      "1": { "start": { "line": 36, "column": 23 }, "end": { "line": 36, "column": null } }
    },
    "fnMap": {
      "0": {
        "name": "Toggle",
        "decl": { "start": { "line": 14, "column": 16 }, "end": { "line": 14, "column": 23 } },
        "loc": { "start": { "line": 21, "column": 16 }, "end": { "line": 59, "column": null } },
        "line": 21
      },
      "1": {
        "name": "(anonymous_1)",
        "decl": { "start": { "line": 36, "column": 17 }, "end": { "line": 36, "column": 23 } },
        "loc": { "start": { "line": 36, "column": 23 }, "end": { "line": 36, "column": null } },
        "line": 36
      }
    },
    "branchMap": {
      "0": {
        "loc": { "start": { "line": 26, "column": 8 }, "end": { "line": 26, "column": null } },
        "type": "binary-expr",
        "locations": [
          { "start": { "line": 26, "column": 8 }, "end": { "line": 26, "column": 20 } },
          { "start": { "line": 26, "column": 20 }, "end": { "line": 26, "column": null } }
        ],
        "line": 26
      },
      "1": {
        "loc": { "start": { "line": 33, "column": 22 }, "end": { "line": 33, "column": null } },
        "type": "cond-expr",
        "locations": [
          { "start": { "line": 33, "column": 32 }, "end": { "line": 33, "column": 41 } },
          { "start": { "line": 33, "column": 41 }, "end": { "line": 33, "column": null } }
        ],
        "line": 33
      },
      "2": {
        "loc": { "start": { "line": 36, "column": 23 }, "end": { "line": 36, "column": null } },
        "type": "binary-expr",
        "locations": [
          { "start": { "line": 36, "column": 23 }, "end": { "line": 36, "column": 36 } },
          { "start": { "line": 36, "column": 36 }, "end": { "line": 36, "column": null } }
        ],
        "line": 36
      },
      "3": {
        "loc": { "start": { "line": 40, "column": 10 }, "end": { "line": 40, "column": null } },
        "type": "cond-expr",
        "locations": [
          { "start": { "line": 40, "column": 20 }, "end": { "line": 40, "column": 40 } },
          { "start": { "line": 40, "column": 40 }, "end": { "line": 40, "column": null } }
        ],
        "line": 40
      },
      "4": {
        "loc": { "start": { "line": 46, "column": 12 }, "end": { "line": 46, "column": null } },
        "type": "cond-expr",
        "locations": [
          { "start": { "line": 46, "column": 22 }, "end": { "line": 46, "column": 54 } },
          { "start": { "line": 46, "column": 54 }, "end": { "line": 46, "column": null } }
        ],
        "line": 46
      },
      "5": {
        "loc": { "start": { "line": 50, "column": 6 }, "end": { "line": 55, "column": null } },
        "type": "binary-expr",
        "locations": [
          { "start": { "line": 51, "column": 8 }, "end": { "line": 51, "column": 17 } },
          { "start": { "line": 51, "column": 17 }, "end": { "line": 51, "column": null } },
          { "start": { "line": 52, "column": 8 }, "end": { "line": 55, "column": null } }
        ],
        "line": 50
      },
      "6": {
        "loc": { "start": { "line": 53, "column": 11 }, "end": { "line": 53, "column": null } },
        "type": "binary-expr",
        "locations": [
          { "start": { "line": 53, "column": 11 }, "end": { "line": 53, "column": 20 } },
          { "start": { "line": 53, "column": 20 }, "end": { "line": 53, "column": null } }
        ],
        "line": 53
      },
      "7": {
        "loc": { "start": { "line": 54, "column": 11 }, "end": { "line": 54, "column": null } },
        "type": "binary-expr",
        "locations": [
          { "start": { "line": 54, "column": 11 }, "end": { "line": 54, "column": 26 } },
          { "start": { "line": 54, "column": 26 }, "end": { "line": 54, "column": null } }
        ],
        "line": 54
      }
    },
    "s": { "0": 0, "1": 0 },
    "f": { "0": 0, "1": 0 },
    "b": {
      "0": [0, 0],
      "1": [0, 0],
      "2": [0, 0],
      "3": [0, 0],
      "4": [0, 0],
      "5": [0, 0, 0],
      "6": [0, 0],
      "7": [0, 0]
    },
    "meta": {
      "lastBranch": 8,
      "lastFunction": 2,
      "lastStatement": 2,
      "seen": {
        "f:14:16:14:23": 0,
        "s:22:2:57:Infinity": 0,
        "b:26:8:26:20:26:20:26:Infinity": 0,
        "b:33:32:33:41:33:41:33:Infinity": 1,
        "f:36:17:36:23": 1,
        "s:36:23:36:Infinity": 1,
        "b:36:23:36:36:36:36:36:Infinity": 2,
        "b:40:20:40:40:40:40:40:Infinity": 3,
        "b:46:22:46:54:46:54:46:Infinity": 4,
        "b:51:8:51:17:51:17:51:Infinity:52:8:55:Infinity": 5,
        "b:53:11:53:20:53:20:53:Infinity": 6,
        "b:54:11:54:26:54:26:54:Infinity": 7
      }
    }
  },
  "/Volumes/T9/Condor Salud Saas/condor-salud/src/components/ui/index.ts": {
    "path": "/Volumes/T9/Condor Salud Saas/condor-salud/src/components/ui/index.ts",
    "statementMap": {},
    "fnMap": {},
    "branchMap": {},
    "s": {},
    "f": {},
    "b": {},
    "meta": { "lastBranch": 0, "lastFunction": 0, "lastStatement": 0, "seen": {} }
  },
  "/Volumes/T9/Condor Salud Saas/condor-salud/src/lib/analytics.ts": {
    "path": "/Volumes/T9/Condor Salud Saas/condor-salud/src/lib/analytics.ts",
    "statementMap": {
      "0": { "start": { "line": 6, "column": 6 }, "end": { "line": 6, "column": null } },
      "1": { "start": { "line": 31, "column": 2 }, "end": { "line": 31, "column": null } },
      "2": { "start": { "line": 34, "column": 4 }, "end": { "line": 34, "column": null } },
      "3": { "start": { "line": 38, "column": 34 }, "end": { "line": 38, "column": null } },
      "4": { "start": { "line": 40, "column": 4 }, "end": { "line": 45, "column": null } },
      "5": { "start": { "line": 41, "column": 6 }, "end": { "line": 43, "column": null } },
      "6": { "start": { "line": 42, "column": 8 }, "end": { "line": 42, "column": null } },
      "7": { "start": { "line": 44, "column": 6 }, "end": { "line": 44, "column": null } },
      "8": { "start": { "line": 47, "column": 4 }, "end": { "line": 47, "column": null } },
      "9": { "start": { "line": 48, "column": 4 }, "end": { "line": 48, "column": null } },
      "10": { "start": { "line": 52, "column": 4 }, "end": { "line": 54, "column": null } },
      "11": { "start": { "line": 53, "column": 6 }, "end": { "line": 53, "column": null } },
      "12": { "start": { "line": 59, "column": 4 }, "end": { "line": 59, "column": null } },
      "13": { "start": { "line": 59, "column": 33 }, "end": { "line": 59, "column": null } },
      "14": { "start": { "line": 61, "column": 4 }, "end": { "line": 63, "column": null } },
      "15": { "start": { "line": 62, "column": 6 }, "end": { "line": 62, "column": null } },
      "16": { "start": { "line": 64, "column": 4 }, "end": { "line": 64, "column": null } },
      "17": { "start": { "line": 68, "column": 25 }, "end": { "line": 68, "column": null } }
    },
    "fnMap": {
      "0": {
        "name": "(anonymous_0)",
        "decl": { "start": { "line": 33, "column": 2 }, "end": { "line": 33, "column": 16 } },
        "loc": { "start": { "line": 33, "column": 16 }, "end": { "line": 35, "column": null } },
        "line": 33
      },
      "1": {
        "name": "(anonymous_1)",
        "decl": { "start": { "line": 37, "column": 2 }, "end": { "line": 37, "column": 8 } },
        "loc": { "start": { "line": 37, "column": 81 }, "end": { "line": 49, "column": null } },
        "line": 37
      },
      "2": {
        "name": "(anonymous_2)",
        "decl": { "start": { "line": 51, "column": 2 }, "end": { "line": 51, "column": 11 } },
        "loc": { "start": { "line": 51, "column": 60 }, "end": { "line": 56, "column": null } },
        "line": 51
      },
      "3": {
        "name": "(anonymous_3)",
        "decl": { "start": { "line": 58, "column": 10 }, "end": { "line": 58, "column": 18 } },
        "loc": { "start": { "line": 58, "column": 18 }, "end": { "line": 65, "column": null } },
        "line": 58
      }
    },
    "branchMap": {
      "0": {
        "loc": { "start": { "line": 34, "column": 19 }, "end": { "line": 34, "column": null } },
        "type": "binary-expr",
        "locations": [
          { "start": { "line": 34, "column": 19 }, "end": { "line": 34, "column": 52 } },
          { "start": { "line": 34, "column": 52 }, "end": { "line": 34, "column": null } }
        ],
        "line": 34
      },
      "1": {
        "loc": { "start": { "line": 40, "column": 4 }, "end": { "line": 45, "column": null } },
        "type": "if",
        "locations": [
          { "start": { "line": 40, "column": 4 }, "end": { "line": 45, "column": null } },
          { "start": {}, "end": {} }
        ],
        "line": 40
      },
      "2": {
        "loc": { "start": { "line": 41, "column": 6 }, "end": { "line": 43, "column": null } },
        "type": "if",
        "locations": [
          { "start": { "line": 41, "column": 6 }, "end": { "line": 43, "column": null } },
          { "start": {}, "end": {} }
        ],
        "line": 41
      },
      "3": {
        "loc": { "start": { "line": 52, "column": 4 }, "end": { "line": 54, "column": null } },
        "type": "if",
        "locations": [
          { "start": { "line": 52, "column": 4 }, "end": { "line": 54, "column": null } },
          { "start": {}, "end": {} }
        ],
        "line": 52
      },
      "4": {
        "loc": { "start": { "line": 59, "column": 4 }, "end": { "line": 59, "column": null } },
        "type": "if",
        "locations": [
          { "start": { "line": 59, "column": 4 }, "end": { "line": 59, "column": null } },
          { "start": {}, "end": {} }
        ],
        "line": 59
      },
      "5": {
        "loc": { "start": { "line": 61, "column": 4 }, "end": { "line": 63, "column": null } },
        "type": "if",
        "locations": [
          { "start": { "line": 61, "column": 4 }, "end": { "line": 63, "column": null } },
          { "start": {}, "end": {} }
        ],
        "line": 61
      }
    },
    "s": {
      "0": 0,
      "1": 0,
      "2": 0,
      "3": 0,
      "4": 0,
      "5": 0,
      "6": 0,
      "7": 0,
      "8": 0,
      "9": 0,
      "10": 0,
      "11": 0,
      "12": 0,
      "13": 0,
      "14": 0,
      "15": 0,
      "16": 0,
      "17": 0
    },
    "f": { "0": 0, "1": 0, "2": 0, "3": 0 },
    "b": { "0": [0, 0], "1": [0, 0], "2": [0, 0], "3": [0, 0], "4": [0, 0], "5": [0, 0] },
    "meta": {
      "lastBranch": 6,
      "lastFunction": 4,
      "lastStatement": 18,
      "seen": {
        "s:6:6:6:Infinity": 0,
        "f:33:2:33:16": 0,
        "s:31:2:31:Infinity": 1,
        "s:34:4:34:Infinity": 2,
        "b:34:19:34:52:34:52:34:Infinity": 0,
        "f:37:2:37:8": 1,
        "s:38:34:38:Infinity": 3,
        "b:40:4:45:Infinity:undefined:undefined:undefined:undefined": 1,
        "s:40:4:45:Infinity": 4,
        "b:41:6:43:Infinity:undefined:undefined:undefined:undefined": 2,
        "s:41:6:43:Infinity": 5,
        "s:42:8:42:Infinity": 6,
        "s:44:6:44:Infinity": 7,
        "s:47:4:47:Infinity": 8,
        "s:48:4:48:Infinity": 9,
        "f:51:2:51:11": 2,
        "b:52:4:54:Infinity:undefined:undefined:undefined:undefined": 3,
        "s:52:4:54:Infinity": 10,
        "s:53:6:53:Infinity": 11,
        "f:58:10:58:18": 3,
        "b:59:4:59:Infinity:undefined:undefined:undefined:undefined": 4,
        "s:59:4:59:Infinity": 12,
        "s:59:33:59:Infinity": 13,
        "b:61:4:63:Infinity:undefined:undefined:undefined:undefined": 5,
        "s:61:4:63:Infinity": 14,
        "s:62:6:62:Infinity": 15,
        "s:64:4:64:Infinity": 16,
        "s:68:25:68:Infinity": 17
      }
    }
  },
  "/Volumes/T9/Condor Salud Saas/condor-salud/src/lib/chatbot-engine.ts": {
    "path": "/Volumes/T9/Condor Salud Saas/condor-salud/src/lib/chatbot-engine.ts",
    "statementMap": {
      "0": { "start": { "line": 50, "column": 6 }, "end": { "line": 356, "column": null } },
      "1": { "start": { "line": 370, "column": 44 }, "end": { "line": 783, "column": null } },
      "2": { "start": { "line": 788, "column": 2 }, "end": { "line": 796, "column": null } },
      "3": { "start": { "line": 800, "column": 2 }, "end": { "line": 802, "column": null } },
      "4": { "start": { "line": 806, "column": 2 }, "end": { "line": 812, "column": null } },
      "5": { "start": { "line": 817, "column": 2 }, "end": { "line": 841, "column": null } },
      "6": { "start": { "line": 846, "column": 13 }, "end": { "line": 846, "column": null } },
      "7": { "start": { "line": 849, "column": 2 }, "end": { "line": 854, "column": null } },
      "8": { "start": { "line": 850, "column": 4 }, "end": { "line": 850, "column": null } },
      "9": { "start": { "line": 851, "column": 4 }, "end": { "line": 853, "column": null } },
      "10": { "start": { "line": 852, "column": 6 }, "end": { "line": 852, "column": null } },
      "11": { "start": { "line": 857, "column": 2 }, "end": { "line": 859, "column": null } },
      "12": { "start": { "line": 858, "column": 4 }, "end": { "line": 858, "column": null } },
      "13": { "start": { "line": 862, "column": 2 }, "end": { "line": 862, "column": null } },
      "14": { "start": { "line": 865, "column": 2 }, "end": { "line": 865, "column": null } },
      "15": { "start": { "line": 868, "column": 2 }, "end": { "line": 868, "column": null } },
      "16": { "start": { "line": 871, "column": 4 }, "end": { "line": 886, "column": null } },
      "17": { "start": { "line": 890, "column": 4 }, "end": { "line": 890, "column": null } },
      "18": { "start": { "line": 892, "column": 31 }, "end": { "line": 897, "column": null } },
      "19": { "start": { "line": 900, "column": 4 }, "end": { "line": 948, "column": null } },
      "20": { "start": { "line": 950, "column": 2 }, "end": { "line": 950, "column": null } },
      "21": { "start": { "line": 955, "column": 2 }, "end": { "line": 975, "column": null } },
      "22": { "start": { "line": 979, "column": 19 }, "end": { "line": 979, "column": null } },
      "23": { "start": { "line": 981, "column": 2 }, "end": { "line": 991, "column": null } },
      "24": { "start": { "line": 982, "column": 17 }, "end": { "line": 982, "column": null } },
      "25": { "start": { "line": 983, "column": 4 }, "end": { "line": 990, "column": null } },
      "26": { "start": { "line": 993, "column": 2 }, "end": { "line": 1001, "column": null } },
      "27": { "start": { "line": 1005, "column": 2 }, "end": { "line": 1017, "column": null } },
      "28": { "start": { "line": 1021, "column": 2 }, "end": { "line": 1036, "column": null } },
      "29": { "start": { "line": 1040, "column": 2 }, "end": { "line": 1066, "column": null } },
      "30": { "start": { "line": 1074, "column": 19 }, "end": { "line": 1076, "column": null } },
      "31": { "start": { "line": 1077, "column": 23 }, "end": { "line": 1077, "column": null } },
      "32": { "start": { "line": 1080, "column": 4 }, "end": { "line": 1080, "column": null } },
      "33": { "start": { "line": 1081, "column": 2 }, "end": { "line": 1081, "column": null } },
      "34": { "start": { "line": 1082, "column": 2 }, "end": { "line": 1082, "column": null } },
      "35": { "start": { "line": 1083, "column": 2 }, "end": { "line": 1084, "column": null } },
      "36": { "start": { "line": 1086, "column": 2 }, "end": { "line": 1089, "column": null } },
      "37": { "start": { "line": 1087, "column": 4 }, "end": { "line": 1088, "column": null } },
      "38": { "start": { "line": 1091, "column": 28 }, "end": { "line": 1104, "column": null } },
      "39": { "start": { "line": 1107, "column": 2 }, "end": { "line": 1114, "column": null } },
      "40": { "start": { "line": 1108, "column": 4 }, "end": { "line": 1113, "column": null } },
      "41": { "start": { "line": 1116, "column": 2 }, "end": { "line": 1124, "column": null } },
      "42": { "start": { "line": 1128, "column": 2 }, "end": { "line": 1143, "column": null } },
      "43": { "start": { "line": 1147, "column": 2 }, "end": { "line": 1162, "column": null } },
      "44": { "start": { "line": 1166, "column": 2 }, "end": { "line": 1173, "column": null } },
      "45": { "start": { "line": 1177, "column": 2 }, "end": { "line": 1191, "column": null } },
      "46": { "start": { "line": 1195, "column": 2 }, "end": { "line": 1212, "column": null } },
      "47": { "start": { "line": 1218, "column": 2 }, "end": { "line": 1228, "column": null } },
      "48": { "start": { "line": 1219, "column": 4 }, "end": { "line": 1227, "column": null } },
      "49": { "start": { "line": 1230, "column": 2 }, "end": { "line": 1236, "column": null } },
      "50": { "start": { "line": 1248, "column": 2 }, "end": { "line": 1248, "column": null } },
      "51": { "start": { "line": 1252, "column": 12 }, "end": { "line": 1252, "column": null } },
      "52": { "start": { "line": 1253, "column": 2 }, "end": { "line": 1253, "column": null } },
      "53": { "start": { "line": 1257, "column": 2 }, "end": { "line": 1257, "column": null } },
      "54": { "start": { "line": 1273, "column": 44 }, "end": { "line": 1302, "column": null } },
      "55": { "start": { "line": 1304, "column": 47 }, "end": { "line": 1326, "column": null } },
      "56": { "start": { "line": 1328, "column": 45 }, "end": { "line": 1361, "column": null } },
      "57": { "start": { "line": 1364, "column": 12 }, "end": { "line": 1364, "column": null } },
      "58": { "start": { "line": 1365, "column": 8 }, "end": { "line": 1365, "column": null } },
      "59": { "start": { "line": 1366, "column": 8 }, "end": { "line": 1366, "column": null } },
      "60": { "start": { "line": 1368, "column": 4 }, "end": { "line": 1369, "column": null } },
      "61": { "start": { "line": 1370, "column": 2 }, "end": { "line": 1370, "column": null } },
      "62": { "start": { "line": 1374, "column": 2 }, "end": { "line": 1379, "column": null } },
      "63": { "start": { "line": 1375, "column": 20 }, "end": { "line": 1378, "column": 6 } },
      "64": { "start": { "line": 1379, "column": 20 }, "end": { "line": 1379, "column": 39 } },
      "65": { "start": { "line": 1383, "column": 2 }, "end": { "line": 1383, "column": null } },
      "66": { "start": { "line": 1383, "column": 14 }, "end": { "line": 1383, "column": null } },
      "67": { "start": { "line": 1384, "column": 2 }, "end": { "line": 1384, "column": null } },
      "68": { "start": { "line": 1392, "column": 2 }, "end": { "line": 1400, "column": null } },
      "69": { "start": { "line": 1393, "column": 4 }, "end": { "line": 1399, "column": null } },
      "70": { "start": { "line": 1402, "column": 17 }, "end": { "line": 1402, "column": null } },
      "71": { "start": { "line": 1404, "column": 13 }, "end": { "line": 1404, "column": null } },
      "72": { "start": { "line": 1405, "column": 2 }, "end": { "line": 1407, "column": null } },
      "73": { "start": { "line": 1406, "column": 4 }, "end": { "line": 1406, "column": null } },
      "74": { "start": { "line": 1408, "column": 2 }, "end": { "line": 1408, "column": null } },
      "75": { "start": { "line": 1410, "column": 28 }, "end": { "line": 1417, "column": null } },
      "76": { "start": { "line": 1410, "column": 49 }, "end": { "line": 1417, "column": 4 } },
[...]
        "decl": { "start": { "line": 324, "column": 27 }, "end": { "line": 324, "column": 28 } },
        "loc": { "start": { "line": 324, "column": 34 }, "end": { "line": 324, "column": 51 } },
        "line": 324
      },
      "10": {
        "name": "(anonymous_10)",
        "decl": { "start": { "line": 325, "column": 33 }, "end": { "line": 325, "column": 34 } },
        "loc": { "start": { "line": 325, "column": 40 }, "end": { "line": 325, "column": 55 } },
        "line": 325
      }
    },
    "branchMap": {
      "0": {
        "loc": { "start": { "line": 164, "column": 2 }, "end": { "line": 164, "column": null } },
        "type": "if",
        "locations": [
          { "start": { "line": 164, "column": 2 }, "end": { "line": 164, "column": null } },
          { "start": {}, "end": {} }
        ],
        "line": 164
      },
      "1": {
        "loc": { "start": { "line": 172, "column": 4 }, "end": { "line": 172, "column": null } },
        "type": "if",
        "locations": [
          { "start": { "line": 172, "column": 4 }, "end": { "line": 172, "column": null } },
          { "start": {}, "end": {} }
        ],
        "line": 172
      },
      "2": {
        "loc": { "start": { "line": 173, "column": 12 }, "end": { "line": 173, "column": 24 } },
        "type": "binary-expr",
        "locations": [
          { "start": { "line": 173, "column": 12 }, "end": { "line": 173, "column": 20 } },
          { "start": { "line": 173, "column": 20 }, "end": { "line": 173, "column": 24 } }
        ],
        "line": 173
      },
      "3": {
        "loc": { "start": { "line": 178, "column": 16 }, "end": { "line": 178, "column": null } },
        "type": "binary-expr",
        "locations": [
          { "start": { "line": 178, "column": 16 }, "end": { "line": 178, "column": 30 } },
          { "start": { "line": 178, "column": 30 }, "end": { "line": 178, "column": null } }
        ],
        "line": 178
      },
      "4": {
        "loc": { "start": { "line": 181, "column": 16 }, "end": { "line": 181, "column": null } },
        "type": "binary-expr",
        "locations": [
          { "start": { "line": 181, "column": 16 }, "end": { "line": 181, "column": 30 } },
          { "start": { "line": 181, "column": 30 }, "end": { "line": 181, "column": null } }
        ],
        "line": 181
      },
      "5": {
        "loc": { "start": { "line": 182, "column": 16 }, "end": { "line": 182, "column": null } },
        "type": "binary-expr",
        "locations": [
          { "start": { "line": 182, "column": 16 }, "end": { "line": 182, "column": 30 } },
          { "start": { "line": 182, "column": 30 }, "end": { "line": 182, "column": null } }
        ],
        "line": 182
      },
      "6": {
        "loc": { "start": { "line": 183, "column": 17 }, "end": { "line": 183, "column": null } },
        "type": "binary-expr",
        "locations": [
          { "start": { "line": 183, "column": 17 }, "end": { "line": 183, "column": 33 } },
          { "start": { "line": 183, "column": 33 }, "end": { "line": 183, "column": null } }
        ],
        "line": 183
      },
      "7": {
        "loc": { "start": { "line": 184, "column": 17 }, "end": { "line": 184, "column": null } },
        "type": "binary-expr",
        "locations": [
          { "start": { "line": 184, "column": 17 }, "end": { "line": 184, "column": 33 } },
          { "start": { "line": 184, "column": 33 }, "end": { "line": 184, "column": null } }
        ],
        "line": 184
      },
      "8": {
        "loc": { "start": { "line": 185, "column": 23 }, "end": { "line": 185, "column": null } },
        "type": "binary-expr",
        "locations": [
          { "start": { "line": 185, "column": 23 }, "end": { "line": 185, "column": 45 } },
          { "start": { "line": 185, "column": 45 }, "end": { "line": 185, "column": null } }
        ],
        "line": 185
      },
      "9": {
        "loc": { "start": { "line": 186, "column": 20 }, "end": { "line": 186, "column": null } },
        "type": "binary-expr",
        "locations": [
          { "start": { "line": 186, "column": 20 }, "end": { "line": 186, "column": 39 } },
          { "start": { "line": 186, "column": 39 }, "end": { "line": 186, "column": null } }
        ],
        "line": 186
      },
      "10": {
        "loc": { "start": { "line": 203, "column": 2 }, "end": { "line": 203, "column": null } },
        "type": "if",
        "locations": [
          { "start": { "line": 203, "column": 2 }, "end": { "line": 203, "column": null } },
          { "start": {}, "end": {} }
        ],
        "line": 203
      },
      "11": {
        "loc": { "start": { "line": 221, "column": 24 }, "end": { "line": 221, "column": null } },
        "type": "binary-expr",
        "locations": [
          { "start": { "line": 221, "column": 24 }, "end": { "line": 221, "column": 48 } },
          { "start": { "line": 221, "column": 48 }, "end": { "line": 221, "column": null } }
        ],
        "line": 221
      },
      "12": {
        "loc": { "start": { "line": 226, "column": 2 }, "end": { "line": 226, "column": null } },
        "type": "if",
        "locations": [
          { "start": { "line": 226, "column": 2 }, "end": { "line": 226, "column": null } },
          { "start": {}, "end": {} }
        ],
        "line": 226
      },
      "13": {
        "loc": { "start": { "line": 235, "column": 14 }, "end": { "line": 235, "column": null } },
        "type": "binary-expr",
        "locations": [
          { "start": { "line": 235, "column": 14 }, "end": { "line": 235, "column": 30 } },
          { "start": { "line": 235, "column": 30 }, "end": { "line": 235, "column": null } }
        ],
        "line": 235
      },
      "14": {
        "loc": { "start": { "line": 236, "column": 14 }, "end": { "line": 236, "column": null } },
        "type": "binary-expr",
        "locations": [
          { "start": { "line": 236, "column": 14 }, "end": { "line": 236, "column": 30 } },
          { "start": { "line": 236, "column": 30 }, "end": { "line": 236, "column": null } }
        ],
        "line": 236
      },
      "15": {
        "loc": { "start": { "line": 237, "column": 15 }, "end": { "line": 237, "column": null } },
        "type": "binary-expr",
        "locations": [
          { "start": { "line": 237, "column": 15 }, "end": { "line": 237, "column": 33 } },
          { "start": { "line": 237, "column": 33 }, "end": { "line": 237, "column": null } }
        ],
        "line": 237
      },
      "16": {
        "loc": { "start": { "line": 239, "column": 21 }, "end": { "line": 239, "column": null } },
        "type": "binary-expr",
        "locations": [
          { "start": { "line": 239, "column": 21 }, "end": { "line": 239, "column": 45 } },
          { "start": { "line": 239, "column": 45 }, "end": { "line": 239, "column": null } }
        ],
        "line": 239
      },
      "17": {
        "loc": { "start": { "line": 255, "column": 2 }, "end": { "line": 255, "column": null } },
        "type": "if",
        "locations": [
          { "start": { "line": 255, "column": 2 }, "end": { "line": 255, "column": null } },
          { "start": {}, "end": {} }
        ],
        "line": 255
      },
      "18": {
        "loc": { "start": { "line": 260, "column": 17 }, "end": { "line": 260, "column": null } },
        "type": "binary-expr",
        "locations": [
          { "start": { "line": 260, "column": 17 }, "end": { "line": 260, "column": 34 } },
          { "start": { "line": 260, "column": 34 }, "end": { "line": 260, "column": null } }
        ],
        "line": 260
      },
      "19": {
        "loc": { "start": { "line": 261, "column": 23 }, "end": { "line": 261, "column": null } },
        "type": "binary-expr",
        "locations": [
          { "start": { "line": 261, "column": 23 }, "end": { "line": 261, "column": 46 } },
          { "start": { "line": 261, "column": 46 }, "end": { "line": 261, "column": null } }
        ],
        "line": 261
      },
      "20": {
        "loc": { "start": { "line": 271, "column": 2 }, "end": { "line": 271, "column": null } },
        "type": "if",
        "locations": [
          { "start": { "line": 271, "column": 2 }, "end": { "line": 271, "column": null } },
          { "start": {}, "end": {} }
        ],
        "line": 271
      },
      "21": {
        "loc": { "start": { "line": 279, "column": 11 }, "end": { "line": 279, "column": null } },
        "type": "binary-expr",
        "locations": [
          { "start": { "line": 279, "column": 11 }, "end": { "line": 279, "column": 24 } },
          { "start": { "line": 279, "column": 24 }, "end": { "line": 279, "column": null } }
        ],
        "line": 279
      },
      "22": {
        "loc": { "start": { "line": 280, "column": 19 }, "end": { "line": 280, "column": null } },
        "type": "binary-expr",
        "locations": [
          { "start": { "line": 280, "column": 19 }, "end": { "line": 280, "column": 41 } },
          { "start": { "line": 280, "column": 41 }, "end": { "line": 280, "column": null } }
        ],
        "line": 280
      },
      "23": {
        "loc": { "start": { "line": 281, "column": 15 }, "end": { "line": 281, "column": null } },
        "type": "binary-expr",
        "locations": [
          { "start": { "line": 281, "column": 15 }, "end": { "line": 281, "column": 32 } },
          { "start": { "line": 281, "column": 32 }, "end": { "line": 281, "column": null } }
        ],
        "line": 281
      },
      "24": {
        "loc": { "start": { "line": 290, "column": 2 }, "end": { "line": 290, "column": null } },
        "type": "if",
        "locations": [
          { "start": { "line": 290, "column": 2 }, "end": { "line": 290, "column": null } },
          { "start": {}, "end": {} }
        ],
        "line": 290
      },
      "25": {
        "loc": { "start": { "line": 292, "column": 2 }, "end": { "line": 296, "column": null } },
        "type": "if",
        "locations": [
          { "start": { "line": 292, "column": 2 }, "end": { "line": 296, "column": null } },
          { "start": {}, "end": {} }
        ],
        "line": 292
      },
      "26": {
        "loc": { "start": { "line": 297, "column": 2 }, "end": { "line": 301, "column": null } },
        "type": "if",
        "locations": [
          { "start": { "line": 297, "column": 2 }, "end": { "line": 301, "column": null } },
          { "start": {}, "end": {} }
        ],
        "line": 297
      },
      "27": {
        "loc": { "start": { "line": 306, "column": 2 }, "end": { "line": 306, "column": null } },
        "type": "if",
        "locations": [
          { "start": { "line": 306, "column": 2 }, "end": { "line": 306, "column": null } },
          { "start": {}, "end": {} }
        ],
        "line": 306
      },
      "28": {
        "loc": { "start": { "line": 314, "column": 21 }, "end": { "line": 314, "column": 61 } },
        "type": "binary-expr",
        "locations": [
          { "start": { "line": 314, "column": 21 }, "end": { "line": 314, "column": 56 } },
          { "start": { "line": 314, "column": 56 }, "end": { "line": 314, "column": 61 } }
        ],
        "line": 314
      }
    },
    "s": {
      "0": 0,
      "1": 0,
      "2": 0,
      "3": 0,
      "4": 0,
      "5": 0,
      "6": 0,
      "7": 0,
      "8": 0,
      "9": 0,
      "10": 0,
      "11": 0,
      "12": 0,
      "13": 0,
      "14": 0,
      "15": 0,
      "16": 0,
      "17": 0,
      "18": 0,
      "19": 0,
      "20": 0,
      "21": 0,
      "22": 0,
      "23": 0,
      "24": 0,
      "25": 0,
      "26": 0,
      "27": 0,
      "28": 0,
      "29": 0,
      "30": 0,
      "31": 0,
      "32": 0,
      "33": 0,
      "34": 0,
      "35": 0,
      "36": 0,
      "37": 0,
      "38": 0,
      "39": 0,
      "40": 0,
      "41": 0,
      "42": 0,
      "43": 0,
      "44": 0,
      "45": 0,
      "46": 0,
      "47": 0,
      "48": 0,
      "49": 0,
      "50": 0,
      "51": 0,
      "52": 0,
      "53": 0,
      "54": 0,
      "55": 0,
      "56": 0,
      "57": 0,
      "58": 0
    },
    "f": {
      "0": 0,
      "1": 0,
      "2": 0,
      "3": 0,
      "4": 0,
      "5": 0,
      "6": 0,
      "7": 0,
      "8": 0,
      "9": 0,
      "10": 0
    },
    "b": {
      "0": [0, 0],
      "1": [0, 0],
      "2": [0, 0],
      "3": [0, 0],
      "4": [0, 0],
      "5": [0, 0],
      "6": [0, 0],
      "7": [0, 0],
      "8": [0, 0],
      "9": [0, 0],
      "10": [0, 0],
      "11": [0, 0],
      "12": [0, 0],
      "13": [0, 0],
      "14": [0, 0],
      "15": [0, 0],
      "16": [0, 0],
      "17": [0, 0],
      "18": [0, 0],
      "19": [0, 0],
      "20": [0, 0],
      "21": [0, 0],
      "22": [0, 0],
      "23": [0, 0],
      "24": [0, 0],
      "25": [0, 0],
      "26": [0, 0],
      "27": [0, 0],
      "28": [0, 0]
    },
    "meta": {
      "lastBranch": 29,
      "lastFunction": 11,
      "lastStatement": 59,
      "seen": {
        "s:9:53:38:Infinity": 0,
        "s:40:58:57:Infinity": 1,
        "s:59:26:70:Infinity": 2,
        "s:72:54:83:Infinity": 3,
        "s:85:32:85:Infinity": 4,
        "s:89:30:154:Infinity": 5,
        "f:158:15:158:29": 0,
        "s:159:27:159:Infinity": 6,
        "s:160:2:160:Infinity": 7,
        "f:163:22:163:54": 1,
        "b:164:2:164:Infinity:undefined:undefined:undefined:undefined": 0,
        "s:164:2:164:Infinity": 8,
        "s:164:31:164:Infinity": 9,
        "s:165:2:191:Infinity": 10,
        "s:166:15:166:Infinity": 11,
        "s:167:28:171:Infinity": 12,
        "b:172:4:172:Infinity:undefined:undefined:undefined:undefined": 1,
        "s:172:4:172:Infinity": 13,
        "s:172:15:172:Infinity": 14,
        "s:173:4:188:Infinity": 15,
        "b:173:12:173:20:173:20:173:24": 2,
        "f:173:28:173:29": 2,
        "s:173:36:188:6": 16,
        "b:178:16:178:30:178:30:178:Infinity": 3,
        "b:181:16:181:30:181:30:181:Infinity": 4,
        "b:182:16:182:30:182:30:182:Infinity": 5,
        "b:183:17:183:33:183:33:183:Infinity": 6,
        "b:184:17:184:33:184:33:184:Infinity": 7,
        "b:185:23:185:45:185:45:185:Infinity": 8,
        "b:186:20:186:39:186:39:186:Infinity": 9,
        "s:190:4:190:Infinity": 17,
        "f:194:22:194:35": 3,
        "b:203:2:203:Infinity:undefined:undefined:undefined:undefined": 10,
        "s:203:2:203:Infinity": 18,
        "s:203:31:203:Infinity": 19,
        "s:204:13:204:Infinity": 20,
        "s:206:15:206:Infinity": 21,
        "s:207:28:209:Infinity": 22,
        "f:208:30:208:31": 4,
        "s:208:37:208:58": 23,
        "s:210:31:225:Infinity": 24,
        "b:221:24:221:48:221:48:221:Infinity": 11,
        "b:226:2:226:Infinity:undefined:undefined:undefined:undefined": 12,
        "s:226:2:226:Infinity": 25,
        "s:226:13:226:Infinity": 26,
        "s:227:2:242:Infinity": 27,
        "b:235:14:235:30:235:30:235:Infinity": 13,
        "b:236:14:236:30:236:30:236:Infinity": 14,
        "b:237:15:237:33:237:33:237:Infinity": 15,
        "b:239:21:239:45:239:45:239:Infinity": 16,
        "f:245:22:245:39": 5,
        "b:255:2:255:Infinity:undefined:undefined:undefined:undefined": 17,
        "s:255:2:255:Infinity": 28,
        "s:255:31:255:Infinity": 29,
        "s:256:13:256:Infinity": 30,
        "s:257:31:270:Infinity": 31,
        "b:260:17:260:34:260:34:260:Infinity": 18,
        "b:261:23:261:46:261:46:261:Infinity": 19,
        "b:271:2:271:Infinity:undefined:undefined:undefined:undefined": 20,
        "s:271:2:271:Infinity": 32,
        "s:271:13:271:Infinity": 33,
        "s:272:2:283:Infinity": 34,
        "b:279:11:279:24:279:24:279:Infinity": 21,
        "b:280:19:280:41:280:41:280:Infinity": 22,
        "b:281:15:281:32:281:32:281:Infinity": 23,
        "s:286:28:286:Infinity": 35,
        "s:287:23:287:Infinity": 36,
        "f:289:22:289:40": 6,
        "b:290:2:290:Infinity:undefined:undefined:undefined:undefined": 24,
        "s:290:2:290:Infinity": 37,
        "s:290:31:290:Infinity": 38,
        "b:292:2:296:Infinity:undefined:undefined:undefined:undefined": 25,
        "s:292:2:296:Infinity": 39,
        "s:293:4:295:Infinity": 40,
        "b:297:2:301:Infinity:undefined:undefined:undefined:undefined": 26,
        "s:297:2:301:Infinity": 41,
        "s:298:4:300:Infinity": 42,
        "s:302:13:302:Infinity": 43,
        "s:303:14:303:Infinity": 44,
        "s:304:15:304:Infinity": 45,
        "s:305:20:305:Infinity": 46,
        "b:306:2:306:Infinity:undefined:undefined:undefined:undefined": 27,
        "s:306:2:306:Infinity": 47,
        "s:306:13:306:Infinity": 48,
        "s:307:28:307:Infinity": 49,
        "s:309:27:313:Infinity": 50,
        "s:314:15:314:Infinity": 51,
        "b:314:21:314:56:314:56:314:61": 28,
        "s:315:2:315:Infinity": 52,
        "s:316:2:316:Infinity": 53,
        "f:319:22:319:38": 7,
        "s:320:18:320:Infinity": 54,
        "s:321:2:326:Infinity": 55,
        "f:323:28:323:29": 8,
        "s:323:35:323:59": 56,
        "f:324:27:324:28": 9,
        "s:324:34:324:51": 57,
        "f:325:33:325:34": 10,
        "s:325:40:325:55": 58
      }
    }
  },
  "/Volumes/T9/Condor Salud Saas/condor-salud/src/lib/validations/auth.ts": {
    "path": "/Volumes/T9/Condor Salud Saas/condor-salud/src/lib/validations/auth.ts",
    "statementMap": {
      "0": { "start": { "line": 4, "column": 27 }, "end": { "line": 10, "column": null } },
      "1": { "start": { "line": 15, "column": 30 }, "end": { "line": 46, "column": null } },
      "2": { "start": { "line": 43, "column": 20 }, "end": { "line": 43, "column": 60 } }
    },
    "fnMap": {
      "0": {
        "name": "(anonymous_0)",
        "decl": { "start": { "line": 43, "column": 10 }, "end": { "line": 43, "column": 11 } },
        "loc": { "start": { "line": 43, "column": 20 }, "end": { "line": 43, "column": 60 } },
        "line": 43
      }
    },
    "branchMap": {},
    "s": { "0": 1, "1": 1, "2": 6 },
    "f": { "0": 6 },
    "b": {},
    "meta": {
      "lastBranch": 0,
      "lastFunction": 1,
      "lastStatement": 3,
      "seen": {
        "s:4:27:10:Infinity": 0,
        "s:15:30:46:Infinity": 1,
        "f:43:10:43:11": 0,
        "s:43:20:43:60": 2
      }
    }
  },
  "/Volumes/T9/Condor Salud Saas/condor-salud/src/lib/validations/schemas.ts": {
    "path": "/Volumes/T9/Condor Salud Saas/condor-salud/src/lib/validations/schemas.ts",
    "statementMap": {
      "0": { "start": { "line": 4, "column": 30 }, "end": { "line": 21, "column": null } },
      "1": { "start": { "line": 26, "column": 29 }, "end": { "line": 33, "column": null } },
      "2": { "start": { "line": 38, "column": 27 }, "end": { "line": 46, "column": null } },
      "3": { "start": { "line": 51, "column": 36 }, "end": { "line": 61, "column": null } },
      "4": { "start": { "line": 66, "column": 34 }, "end": { "line": 72, "column": null } },
      "5": { "start": { "line": 77, "column": 28 }, "end": { "line": 79, "column": null } },
      "6": { "start": { "line": 82, "column": 34 }, "end": { "line": 90, "column": null } },
      "7": { "start": { "line": 94, "column": 32 }, "end": { "line": 99, "column": null } },
      "8": { "start": { "line": 104, "column": 34 }, "end": { "line": 130, "column": null } },
      "9": { "start": { "line": 135, "column": 36 }, "end": { "line": 151, "column": null } }
    },
    "fnMap": {},
    "branchMap": {},
    "s": { "0": 0, "1": 0, "2": 0, "3": 0, "4": 0, "5": 0, "6": 0, "7": 0, "8": 0, "9": 0 },
    "f": {},
    "b": {},
    "meta": {
      "lastBranch": 0,
      "lastFunction": 0,
      "lastStatement": 10,
      "seen": {
        "s:4:30:21:Infinity": 0,
        "s:26:29:33:Infinity": 1,
        "s:38:27:46:Infinity": 2,
        "s:51:36:61:Infinity": 3,
        "s:66:34:72:Infinity": 4,
        "s:77:28:79:Infinity": 5,
        "s:82:34:90:Infinity": 6,
        "s:94:32:99:Infinity": 7,
        "s:104:34:130:Infinity": 8,
        "s:135:36:151:Infinity": 9
      }
    }
  }
}
