TN:
SF:src/components/ui/Button.tsx
FN:31,(anonymous_0)
FNF:1
FNH:0
FNDA:0,(anonymous_0)
DA:13,0
DA:23,0
DA:30,0
DA:32,0
DA:76,0
LF:5
LH:0
BRDA:31,0,0,0
BRDA:31,1,0,0
BRDA:43,2,0,0
BRDA:43,2,1,0
BRDA:44,3,0,0
BRDA:44,3,1,0
BRDA:47,4,0,0
BRDA:47,4,1,0
BRF:8
BRH:0
end_of_record
TN:
SF:src/components/ui/Card.tsx
FN:6,(anonymous_0)
FN:18,(anonymous_1)
FN:26,(anonymous_2)
FN:34,(anonymous_3)
FN:42,(anonymous_4)
FNF:5
FNH:0
FNDA:0,(anonymous_0)
FNDA:0,(anonymous_1)
FNDA:0,(anonymous_2)
FNDA:0,(anonymous_3)
FNDA:0,(anonymous_4)
DA:5,0
DA:7,0
DA:14,0
DA:17,0
DA:19,0
DA:22,0
DA:25,0
DA:27,0
DA:30,0
DA:33,0
DA:35,0
DA:38,0
DA:41,0
DA:43,0
DA:50,0
LF:15
LH:0
BRF:0
BRH:0
end_of_record
TN:
SF:src/components/ui/ConfirmDialog.tsx
FN:18,ConfirmDialog
FNF:1
FNH:0
FNDA:0,ConfirmDialog
DA:29,0
LF:1
LH:0
BRDA:24,0,0,0
BRDA:25,1,0,0
BRDA:26,2,0,0
BRDA:41,3,0,0
BRDA:41,3,1,0
BRF:5
BRH:0
end_of_record
TN:
SF:src/components/ui/DataTable.tsx
FN:22,DataTable
FN:46,(anonymous_1)
FN:61,(anonymous_2)
FN:68,(anonymous_3)
FN:72,(anonymous_4)
FN:82,(anonymous_5)
FNF:6
FNH:0
FNDA:0,DataTable
FNDA:0,(anonymous_1)
FNDA:0,(anonymous_2)
FNDA:0,(anonymous_3)
FNDA:0,(anonymous_4)
FNDA:0,(anonymous_5)
DA:32,0
DA:33,0
DA:40,0
DA:47,0
DA:62,0
DA:68,0
DA:73,0
DA:74,0
DA:75,0
DA:83,0
LF:10
LH:0
BRDA:26,0,0,0
BRDA:30,1,0,0
BRDA:32,2,0,0
BRDA:32,2,1,0
BRDA:43,3,0,0
BRDA:43,3,1,0
BRDA:44,4,0,0
BRDA:44,4,1,0
BRDA:66,5,0,0
BRDA:66,5,1,0
BRDA:68,6,0,0
BRDA:68,6,1,0
BRDA:69,7,0,0
BRDA:69,7,1,0
BRDA:71,8,0,0
BRDA:71,8,1,0
BRDA:73,9,0,0
BRDA:73,9,1,0
BRDA:73,10,0,0
BRDA:73,10,1,0
BRDA:80,11,0,0
BRDA:80,11,1,0
BRF:22
BRH:0
end_of_record
TN:
SF:src/components/ui/EmptyState.tsx
FN:11,(anonymous_0)
FN:27,EmptyState
FNF:2
FNH:0
FNDA:0,(anonymous_0)
FNDA:0,EmptyState
DA:11,0
DA:12,0
DA:28,0
LF:3
LH:0
BRDA:34,0,0,0
BRDA:34,0,1,0
BRDA:37,1,0,0
BRDA:37,1,1,0
BRDA:38,2,0,0
BRDA:38,2,1,0
BRF:6
BRH:0
end_of_record
TN:
SF:src/components/ui/FilterBar.tsx
FN:24,FilterBar
FN:34,(anonymous_1)
FN:41,(anonymous_2)
FN:50,(anonymous_3)
FNF:4
FNH:0
FNDA:0,FilterBar
FNDA:0,(anonymous_1)
FNDA:0,(anonymous_2)
FNDA:0,(anonymous_3)
DA:25,0
DA:35,0
DA:41,0
DA:50,0
LF:4
LH:0
BRDA:35,0,0,0
BRDA:35,0,1,0
BRDA:39,1,0,0
BRDA:39,1,1,0
BRDA:51,2,0,0
BRDA:51,2,1,0
BRDA:53,3,0,0
BRDA:53,3,1,0
BRDA:58,4,0,0
BRDA:58,4,1,0
BRF:10
BRH:0
end_of_record
TN:
SF:src/components/ui/Input.tsx
FN:11,(anonymous_0)
FNF:1
FNH:0
FNDA:0,(anonymous_0)
DA:10,0
DA:12,0
DA:13,0
DA:14,0
DA:16,0
DA:66,0
LF:6
LH:0
BRDA:11,0,0,0
BRDA:12,1,0,0
BRDA:12,1,1,0
BRDA:13,2,0,0
BRDA:13,2,1,0
BRDA:14,3,0,0
BRDA:14,3,1,0
BRDA:18,4,0,0
BRDA:18,4,1,0
BRDA:32,5,0,0
BRDA:32,5,1,0
BRDA:35,6,0,0
BRDA:35,6,1,0
BRDA:36,7,0,0
BRDA:36,7,1,0
BRDA:39,8,0,0
BRDA:39,8,1,0
BRDA:56,9,0,0
BRDA:56,9,1,0
BRDA:56,9,2,0
BRF:20
BRH:0
end_of_record
TN:
SF:src/components/ui/KPICard.tsx
FN:16,KPICard
FN:61,KPIGrid
FN:68,(anonymous_2)
FNF:3
FNH:0
FNDA:0,KPICard
FNDA:0,KPIGrid
FNDA:0,(anonymous_2)
DA:9,0
DA:17,0
DA:62,0
DA:69,0
LF:4
LH:0
BRDA:21,0,0,0
BRDA:21,0,1,0
BRDA:32,1,0,0
BRDA:32,1,1,0
BRDA:43,2,0,0
BRDA:43,2,1,0
BRF:6
BRH:0
end_of_record
TN:
SF:src/components/ui/Modal.tsx
FN:23,Modal
FN:35,(anonymous_1)
FN:54,(anonymous_2)
FN:55,(anonymous_3)
FN:59,(anonymous_4)
FN:62,(anonymous_5)
FNF:6
FNH:0
FNDA:0,Modal
FNDA:0,(anonymous_1)
FNDA:0,(anonymous_2)
FNDA:0,(anonymous_3)
FNDA:0,(anonymous_4)
FNDA:0,(anonymous_5)
DA:16,0
DA:32,0
DA:33,0
DA:35,0
DA:36,0
DA:37,0
DA:39,0
DA:40,0
DA:41,0
DA:43,0
DA:46,0
DA:48,0
DA:49,0
DA:54,0
DA:55,0
DA:56,0
DA:58,0
DA:59,0
DA:62,0
DA:63,0
DA:66,0
DA:68,0
LF:22
LH:0
BRDA:29,0,0,0
BRDA:37,1,0,0
BRDA:37,1,1,0
BRDA:39,2,0,0
BRDA:39,2,1,0
BRDA:56,3,0,0
BRDA:56,3,1,0
BRDA:56,4,0,0
BRDA:56,4,1,0
BRDA:63,5,0,0
BRDA:63,5,1,0
BRDA:66,6,0,0
BRDA:66,6,1,0
BRDA:110,7,0,0
BRDA:110,7,1,0
BRF:15
BRH:0
end_of_record
TN:
SF:src/components/ui/PageHeader.tsx
FN:12,PageHeader
FN:23,(anonymous_1)
FNF:2
FNH:0
FNDA:0,PageHeader
FNDA:0,(anonymous_1)
DA:19,0
DA:24,0
LF:2
LH:0
BRDA:21,0,0,0
BRDA:21,0,1,0
BRDA:21,0,2,0
BRDA:25,1,0,0
BRDA:25,1,1,0
BRDA:26,2,0,0
BRDA:26,2,1,0
BRDA:40,3,0,0
BRDA:40,3,1,0
BRDA:42,4,0,0
BRDA:42,4,1,0
BRF:11
BRH:0
end_of_record
TN:
SF:src/components/ui/Select.tsx
FN:18,(anonymous_0)
FN:49,(anonymous_1)
FNF:2
FNH:0
FNDA:0,(anonymous_0)
FNDA:0,(anonymous_1)
DA:17,0
DA:19,0
DA:20,0
DA:22,0
DA:50,0
DA:65,0
LF:6
LH:0
BRDA:19,0,0,0
BRDA:19,0,1,0
BRDA:20,1,0,0
BRDA:20,1,1,0
BRDA:24,2,0,0
BRDA:24,2,1,0
BRDA:37,3,0,0
BRDA:37,3,1,0
BRDA:40,4,0,0
BRDA:40,4,1,0
BRDA:44,5,0,0
BRDA:44,5,1,0
BRDA:55,6,0,0
BRDA:55,6,1,0
BRF:14
BRH:0
end_of_record
TN:
SF:src/components/ui/Skeleton.tsx
FN:7,Skeleton
FN:19,KPICardSkeleton
FN:29,KPIGridSkeleton
FN:32,(anonymous_3)
FN:39,TableSkeleton
FN:44,(anonymous_5)
FN:49,(anonymous_6)
FN:51,(anonymous_7)
FN:60,FilterBarSkeleton
FN:70,PageSkeleton
FNF:10
FNH:0
FNDA:0,Skeleton
FNDA:0,KPICardSkeleton
FNDA:0,KPIGridSkeleton
FNDA:0,(anonymous_3)
FNDA:0,TableSkeleton
FNDA:0,(anonymous_5)
FNDA:0,(anonymous_6)
FNDA:0,(anonymous_7)
FNDA:0,FilterBarSkeleton
FNDA:0,PageSkeleton
DA:8,0
DA:20,0
DA:30,0
DA:33,0
DA:40,0
DA:45,0
DA:50,0
DA:52,0
DA:61,0
DA:71,0
LF:10
LH:0
BRDA:29,0,0,0
BRDA:39,1,0,0
BRDA:39,2,0,0
BRF:3
BRH:0
end_of_record
TN:
SF:src/components/ui/StatusBadge.tsx
FN:74,StatusBadge
FNF:1
FNH:0
FNDA:0,StatusBadge
DA:25,0
DA:48,0
DA:75,0
DA:77,0
LF:4
LH:0
BRDA:75,0,0,0
BRDA:75,0,1,0
BRDA:75,0,2,0
BRDA:81,1,0,0
BRDA:81,1,1,0
BRF:5
BRH:0
end_of_record
TN:
SF:src/components/ui/Toggle.tsx
FN:14,Toggle
FN:36,(anonymous_1)
FNF:2
FNH:0
FNDA:0,Toggle
FNDA:0,(anonymous_1)
DA:22,0
DA:36,0
LF:2
LH:0
BRDA:26,0,0,0
BRDA:26,0,1,0
BRDA:33,1,0,0
BRDA:33,1,1,0
BRDA:36,2,0,0
BRDA:36,2,1,0
BRDA:40,3,0,0
BRDA:40,3,1,0
BRDA:46,4,0,0
BRDA:46,4,1,0
BRDA:50,5,0,0
BRDA:50,5,1,0
BRDA:50,5,2,0
BRDA:53,6,0,0
BRDA:53,6,1,0
BRDA:54,7,0,0
BRDA:54,7,1,0
BRF:17
BRH:0
end_of_record
TN:
SF:src/components/ui/index.ts
FNF:0
FNH:0
LF:0
LH:0
BRF:0
BRH:0
end_of_record
TN:
SF:src/lib/analytics.ts
FN:33,(anonymous_0)
FN:37,(anonymous_1)
FN:51,(anonymous_2)
FN:58,(anonymous_3)
FNF:4
FNH:0
FNDA:0,(anonymous_0)
FNDA:0,(anonymous_1)
FNDA:0,(anonymous_2)
FNDA:0,(anonymous_3)
DA:6,0
DA:31,0
DA:34,0
DA:38,0
DA:40,0
DA:41,0
DA:42,0
DA:44,0
DA:47,0
DA:48,0
DA:52,0
DA:53,0
DA:59,0
DA:61,0
DA:62,0
DA:64,0
DA:68,0
LF:17
LH:0
BRDA:34,0,0,0
BRDA:34,0,1,0
BRDA:40,1,0,0
BRDA:40,1,1,0
BRDA:41,2,0,0
BRDA:41,2,1,0
BRDA:52,3,0,0
BRDA:52,3,1,0
BRDA:59,4,0,0
BRDA:59,4,1,0
BRDA:61,5,0,0
BRDA:61,5,1,0
BRF:12
BRH:0
end_of_record
TN:
SF:src/lib/chatbot-engine.ts
FN:787,generateGreeting
FN:799,generateFarewell
FN:805,generateThanks
FN:816,generateCovidResponse
FN:845,buildTriageResponse
FN:954,generateSymptomPicker
FN:978,generateCoverageResponse
FN:1004,generateAppointmentResponse
FN:1020,generateAppointmentBooking
FN:1039,generateMedicationResponse
FN:1071,generateDeliveryResponse
FN:1127,generateTelemedicineResponse
FN:1146,generatePricingResponse
FN:1165,generateHowItWorksResponse
FN:1176,generateRegisterResponse
FN:1194,generateContactHumanResponse
FN:1215,generateLocationResponse
FN:1241,mapsDirectionsUrl
FN:1251,mapsPlaceUrl
FN:1256,mapsSearchNearby
FN:1363,haversineKm
FN:1373,sortByDistance
FN:1375,(anonymous_22)
FN:1379,(anonymous_23)
FN:1382,formatDist
FN:1389,generateNearbyDoctorResponse
FN:1410,(anonymous_26)
FN:1430,generateNearbyPharmacyResponse
FN:1449,(anonymous_28)
FN:1468,generateNearbyGuardiaResponse
FN:1494,(anonymous_30)
FN:1513,generateDirectionsResponse
FN:1528,(anonymous_32)
FN:1544,(anonymous_33)
FN:1566,generateGoogleMapsSearch
FN:1606,generateSharedLocationResponse
FN:1627,generateFallback
FN:1688,detectIntent
FN:1730,extractSpecialty
FN:1774,processMessage
FN:1855,getWelcomeMessage
FN:1897,detectEmergency
FN:1920,(anonymous_42)
FNF:43
FNH:0
FNDA:0,generateGreeting
FNDA:0,generateFarewell
FNDA:0,generateThanks
FNDA:0,generateCovidResponse
FNDA:0,buildTriageResponse
FNDA:0,generateSymptomPicker
FNDA:0,generateCoverageResponse
FNDA:0,generateAppointmentResponse
FNDA:0,generateAppointmentBooking
FNDA:0,generateMedicationResponse
FNDA:0,generateDeliveryResponse
FNDA:0,generateTelemedicineResponse
FNDA:0,generatePricingResponse
FNDA:0,generateHowItWorksResponse
FNDA:0,generateRegisterResponse
FNDA:0,generateContactHumanResponse
FNDA:0,generateLocationResponse
FNDA:0,mapsDirectionsUrl
FNDA:0,mapsPlaceUrl
FNDA:0,mapsSearchNearby
FNDA:0,haversineKm
FNDA:0,sortByDistance
FNDA:0,(anonymous_22)
FNDA:0,(anonymous_23)
FNDA:0,formatDist
FNDA:0,generateNearbyDoctorResponse
FNDA:0,(anonymous_26)
FNDA:0,generateNearbyPharmacyResponse
FNDA:0,(anonymous_28)
FNDA:0,generateNearbyGuardiaResponse
FNDA:0,(anonymous_30)
FNDA:0,generateDirectionsResponse
FNDA:0,(anonymous_32)
FNDA:0,(anonymous_33)
FNDA:0,generateGoogleMapsSearch
FNDA:0,generateSharedLocationResponse
FNDA:0,generateFallback
FNDA:0,detectIntent
FNDA:0,extractSpecialty
FNDA:0,processMessage
FNDA:0,getWelcomeMessage
FNDA:0,detectEmergency
FNDA:0,(anonymous_42)
DA:50,0
DA:370,0
DA:788,0
DA:800,0
DA:806,0
DA:817,0
DA:846,0
DA:849,0
DA:850,0
DA:851,0
DA:852,0
DA:857,0
DA:858,0
DA:862,0
DA:865,0
DA:868,0
DA:871,0
DA:890,0
DA:892,0
DA:900,0
DA:950,0
DA:955,0
DA:979,0
DA:981,0
DA:982,0
DA:983,0
DA:993,0
DA:1005,0
DA:1021,0
DA:1040,0
DA:1074,0
DA:1077,0
DA:1080,0
DA:1081,0
DA:1082,0
DA:1083,0
DA:1086,0
DA:1087,0
DA:1091,0
DA:1107,0
DA:1108,0
DA:1116,0
DA:1128,0
DA:1147,0
DA:1166,0
DA:1177,0
DA:1195,0
DA:1218,0
DA:1219,0
DA:1230,0
DA:1248,0
DA:1252,0
DA:1253,0
DA:1257,0
DA:1273,0
DA:1304,0
DA:1328,0
DA:1364,0
DA:1365,0
DA:1366,0
DA:1368,0
DA:1370,0
DA:1374,0
DA:1375,0
DA:1379,0
DA:1383,0
DA:1384,0
DA:1392,0
DA:1393,0
DA:1402,0
DA:1404,0
DA:1405,0
DA:1406,0
DA:1408,0
DA:1410,0
DA:1419,0
DA:1433,0
DA:1434,0
DA:1440,0
DA:1442,0
DA:1443,0
DA:1444,0
DA:1445,0
DA:1447,0
DA:1449,0
DA:1457,0
DA:1471,0
DA:1472,0
DA:1486,0
DA:1488,0
DA:1489,0
DA:1490,0
DA:1492,0
DA:1494,0
DA:1503,0
DA:1516,0
DA:1517,0
DA:1524,0
DA:1528,0
DA:1531,0
DA:1532,0
DA:1533,0
DA:1540,0
DA:1542,0
DA:1544,0
DA:1546,0
DA:1547,0
DA:1556,0
DA:1570,0
DA:1572,0
DA:1573,0
DA:1574,0
DA:1593,0
DA:1609,0
DA:1610,0
DA:1621,0
DA:1628,0
DA:1646,0
DA:1689,0
DA:1690,0
DA:1697,0
DA:1698,0
DA:1699,0
DA:1700,0
DA:1701,0
DA:1705,0
DA:1708,0
DA:1709,0
DA:1710,0
DA:1711,0
DA:1712,0
DA:1713,0
DA:1714,0
DA:1718,0
DA:1725,0
DA:1726,0
DA:1731,0
DA:1732,0
DA:1766,0
DA:1767,0
DA:1769,0
DA:1778,0
DA:1781,0
DA:1782,0
DA:1784,0
DA:1785,0
DA:1786,0
DA:1787,0
DA:1788,0
DA:1801,0
DA:1805,0
DA:1806,0
DA:1807,0
DA:1808,0
DA:1811,0
DA:1813,0
DA:1815,0
DA:1817,0
DA:1819,0
DA:1821,0
DA:1823,0
DA:1825,0
DA:1827,0
DA:1829,0
DA:1831,0
DA:1833,0
DA:1835,0
DA:1837,0
DA:1839,0
DA:1841,0
DA:1843,0
DA:1845,0
DA:1847,0
DA:1849,0
DA:1851,0
DA:1856,0
DA:1857,0
DA:1873,0
DA:1898,0
DA:1899,0
DA:1900,0
DA:1903,0
DA:1904,0
DA:1920,0
LF:184
LH:0
BRDA:849,0,0,0
BRDA:849,0,1,0
BRDA:857,1,0,0
BRDA:857,1,1,0
BRDA:871,2,0,0
BRDA:871,2,1,0
BRDA:882,3,0,0
BRDA:882,3,1,0
BRDA:890,4,0,0
BRDA:890,4,1,0
BRDA:900,5,0,0
BRDA:900,5,1,0
BRDA:909,6,0,0
BRDA:909,6,1,0
BRDA:926,7,0,0
BRDA:926,7,1,0
BRDA:981,8,0,0
BRDA:981,8,1,0
BRDA:1074,9,0,0
BRDA:1074,9,1,0
BRDA:1086,10,0,0
BRDA:1086,10,1,0
BRDA:1107,11,0,0
BRDA:1107,11,1,0
BRDA:1218,12,0,0
BRDA:1218,12,1,0
BRDA:1246,13,0,0
BRDA:1252,14,0,0
BRDA:1252,14,1,0
BRDA:1383,15,0,0
BRDA:1383,15,1,0
BRDA:1392,16,0,0
BRDA:1392,16,1,0
BRDA:1433,17,0,0
BRDA:1433,17,1,0
BRDA:1444,18,0,0
BRDA:1444,18,1,0
BRDA:1450,19,0,0
BRDA:1450,19,1,0
BRDA:1471,20,0,0
BRDA:1471,20,1,0
BRDA:1490,21,0,0
BRDA:1490,21,1,0
BRDA:1496,22,0,0
BRDA:1496,22,1,0
BRDA:1498,23,0,0
BRDA:1498,23,1,0
BRDA:1516,24,0,0
BRDA:1516,24,1,0
BRDA:1533,25,0,0
BRDA:1533,25,1,0
BRDA:1535,26,0,0
BRDA:1535,26,1,0
BRDA:1537,27,0,0
BRDA:1537,27,1,0
BRDA:1546,28,0,0
BRDA:1546,28,1,0
BRDA:1546,29,0,0
BRDA:1546,29,1,0
BRDA:1546,30,0,0
BRDA:1546,30,1,0
BRDA:1548,31,0,0
BRDA:1548,31,1,0
BRDA:1570,32,0,0
BRDA:1570,32,1,0
BRDA:1572,33,0,0
BRDA:1572,33,1,0
BRDA:1609,34,0,0
BRDA:1609,34,1,0
BRDA:1699,35,0,0
BRDA:1699,35,1,0
BRDA:1700,36,0,0
BRDA:1700,36,1,0
BRDA:1701,37,0,0
BRDA:1701,37,1,0
BRDA:1705,38,0,0
BRDA:1705,38,1,0
BRDA:1705,38,2,0
BRDA:1708,39,0,0
BRDA:1708,39,1,0
BRDA:1710,40,0,0
BRDA:1710,40,1,0
BRDA:1713,41,0,0
BRDA:1713,41,1,0
BRDA:1714,42,0,0
BRDA:1714,42,1,0
BRDA:1767,43,0,0
BRDA:1767,43,1,0
BRDA:1781,44,0,0
BRDA:1781,44,1,0
BRDA:1781,45,0,0
BRDA:1781,45,1,0
BRDA:1784,46,0,0
BRDA:1784,46,1,0
BRDA:1784,47,0,0
BRDA:1784,47,1,0
BRDA:1786,48,0,0
BRDA:1786,48,1,0
BRDA:1789,49,0,0
BRDA:1789,49,1,0
BRDA:1794,50,0,0
BRDA:1794,50,1,0
BRDA:1805,51,0,0
BRDA:1805,51,1,0
BRDA:1807,52,0,0
BRDA:1807,52,1,0
BRDA:1811,53,0,0
BRDA:1811,53,1,0
BRDA:1811,53,2,0
BRDA:1811,53,3,0
BRDA:1811,53,4,0
BRDA:1811,53,5,0
BRDA:1811,53,6,0
BRDA:1811,53,7,0
BRDA:1811,53,8,0
BRDA:1811,53,9,0
BRDA:1811,53,10,0
BRDA:1811,53,11,0
BRDA:1811,53,12,0
BRDA:1811,53,13,0
BRDA:1811,53,14,0
BRDA:1811,53,15,0
BRDA:1811,53,16,0
BRDA:1811,53,17,0
BRDA:1811,53,18,0
BRDA:1811,53,19,0
BRDA:1856,54,0,0
BRDA:1856,54,1,0
BRDA:1856,55,0,0
BRDA:1856,55,1,0
BRDA:1899,56,0,0
BRDA:1899,56,1,0
BRDA:1899,57,0,0
BRDA:1899,57,1,0
BRF:134
BRH:0
end_of_record
TN:
SF:src/lib/env.ts
FN:95,validateServerEnv
FN:100,(anonymous_1)
FN:115,validateClientEnv
FN:145,(anonymous_3)
FN:165,isSupabaseConfigured
FN:171,isSentryConfigured
FNF:6
FNH:2
FNDA:0,validateServerEnv
FNDA:0,(anonymous_1)
FNDA:1,validateClientEnv
FNDA:0,(anonymous_3)
FNDA:1,isSupabaseConfigured
FNDA:0,isSentryConfigured
DA:5,1
DA:77,1
DA:96,0
DA:98,0
DA:99,0
DA:100,0
DA:103,0
DA:106,0
DA:107,0
DA:111,0
DA:116,1
DA:119,1
DA:121,1
DA:122,1
DA:123,1
DA:124,1
DA:125,1
DA:126,1
DA:127,1
DA:128,1
DA:131,0
DA:132,0
DA:133,0
DA:134,0
DA:135,0
DA:136,0
DA:137,0
DA:138,0
DA:141,1
DA:143,1
DA:144,0
DA:145,0
DA:148,0
DA:151,1
DA:159,1
DA:162,1
DA:166,1
DA:167,1
DA:172,0
DA:173,0
LF:40
LH:19
BRDA:98,0,0,0
BRDA:98,0,1,0
BRDA:106,1,0,0
BRDA:106,1,1,0
BRDA:111,2,0,0
BRDA:111,2,1,0
BRDA:119,3,0,1
BRDA:119,3,1,0
BRDA:143,4,0,0
BRDA:143,4,1,1
BRDA:151,5,0,1
BRDA:151,5,1,0
BRDA:159,6,0,0
BRDA:159,6,1,1
BRDA:167,7,0,1
BRDA:167,7,1,0
BRDA:167,7,2,0
BRDA:172,8,0,0
BRDA:172,8,1,0
BRF:19
BRH:5
end_of_record
TN:
SF:src/lib/google.ts
FN:18,buildGoogleOAuthUrl
FN:32,exchangeCodeForTokens
FN:55,refreshAccessToken
FN:84,getGoogleUserInfo
FN:104,listCalendarEvents
FN:126,createCalendarEvent
FN:162,buildStaticMapUrl
FN:178,buildDirectionsUrl
FNF:8
FNH:0
FNDA:0,buildGoogleOAuthUrl
FNDA:0,exchangeCodeForTokens
FNDA:0,refreshAccessToken
FNDA:0,getGoogleUserInfo
FNDA:0,listCalendarEvents
FNDA:0,createCalendarEvent
FNDA:0,buildStaticMapUrl
FNDA:0,buildDirectionsUrl
DA:6,0
DA:9,0
DA:19,0
DA:28,0
DA:33,0
DA:44,0
DA:45,0
DA:59,0
DA:69,0
DA:70,0
DA:85,0
DA:88,0
DA:89,0
DA:110,0
DA:117,0
DA:121,0
DA:122,0
DA:123,0
DA:137,0
DA:155,0
DA:156,0
DA:160,0
DA:166,0
DA:167,0
DA:175,0
DA:179,0
LF:26
LH:0
BRDA:6,0,0,0
BRDA:6,0,1,0
BRDA:26,1,0,0
BRDA:26,1,1,0
BRDA:39,2,0,0
BRDA:39,2,1,0
BRDA:44,3,0,0
BRDA:44,3,1,0
BRDA:65,4,0,0
BRDA:65,4,1,0
BRDA:69,5,0,0
BRDA:69,5,1,0
BRDA:88,6,0,0
BRDA:88,6,1,0
BRDA:108,7,0,0
BRDA:121,8,0,0
BRDA:121,8,1,0
BRDA:123,9,0,0
BRDA:123,9,1,0
BRDA:149,10,0,0
BRDA:149,10,1,0
BRDA:151,11,0,0
BRDA:151,11,1,0
BRDA:155,12,0,0
BRDA:155,12,1,0
BRDA:160,13,0,0
BRDA:160,13,1,0
BRDA:166,14,0,0
BRDA:166,15,0,0
BRDA:166,16,0,0
BRDA:166,17,0,0
BRDA:166,17,1,0
BRF:32
BRH:0
end_of_record
TN:
SF:src/lib/logger.ts
FN:66,(anonymous_0)
FN:69,(anonymous_1)
FN:119,createClientLogger
FN:123,redactPII
FN:147,(anonymous_4)
FN:152,(anonymous_5)
FN:155,(anonymous_6)
FN:158,(anonymous_7)
FNF:8
FNH:8
FNDA:6,(anonymous_0)
FNDA:1,(anonymous_1)
FNDA:3,createClientLogger
FNDA:2,redactPII
FNDA:2,(anonymous_4)
FNDA:1,(anonymous_5)
FNDA:1,(anonymous_6)
FNDA:1,(anonymous_7)
DA:15,1
DA:18,1
DA:67,6
DA:70,1
DA:97,1
DA:99,1
DA:100,1
DA:101,1
DA:102,1
DA:103,1
DA:104,1
DA:120,3
DA:124,2
DA:125,2
DA:138,2
DA:139,2
DA:140,0
DA:143,2
DA:146,3
DA:148,2
DA:149,0
DA:153,1
DA:156,1
DA:159,1
DA:160,0
LF:25
LH:22
BRDA:15,0,0,1
BRDA:15,0,1,1
BRDA:15,1,0,0
BRDA:15,1,1,1
BRDA:72,2,0,1
BRDA:72,2,1,0
BRDA:82,3,0,1
BRDA:82,3,1,1
BRDA:139,4,0,0
BRDA:139,4,1,2
BRDA:148,5,0,0
BRDA:148,5,1,2
BRDA:149,6,0,0
BRDA:149,6,1,0
BRDA:153,7,0,1
BRDA:153,7,1,0
BRDA:156,8,0,1
BRDA:156,8,1,0
BRDA:159,9,0,0
BRDA:159,9,1,1
BRDA:160,10,0,0
BRDA:160,10,1,0
BRF:22
BRH:11
end_of_record
TN:
SF:src/lib/plan-config.ts
FN:316,(anonymous_0)
FN:318,getModule
FN:324,getModulesForCategory
FN:325,(anonymous_3)
FN:327,(anonymous_4)
FN:331,getBaseModules
FN:332,(anonymous_6)
FN:332,(anonymous_7)
FN:336,calcSubtotal
FN:337,(anonymous_9)
FN:341,calcTotal
FN:347,resolveDeps
FN:372,getPreset
FN:373,(anonymous_13)
FN:379,calcPresetPrice
FN:384,calcPresetSubtotal
FN:389,formatARS
FNF:17
FNH:0
FNDA:0,(anonymous_0)
FNDA:0,getModule
FNDA:0,getModulesForCategory
FNDA:0,(anonymous_3)
FNDA:0,(anonymous_4)
FNDA:0,getBaseModules
FNDA:0,(anonymous_6)
FNDA:0,(anonymous_7)
FNDA:0,calcSubtotal
FNDA:0,(anonymous_9)
FNDA:0,calcTotal
FNDA:0,resolveDeps
FNDA:0,getPreset
FNDA:0,(anonymous_13)
FNDA:0,calcPresetPrice
FNDA:0,calcPresetSubtotal
FNDA:0,formatARS
DA:59,0
DA:233,0
DA:254,0
DA:316,0
DA:319,0
DA:320,0
DA:321,0
DA:325,0
DA:326,0
DA:327,0
DA:332,0
DA:337,0
DA:342,0
DA:343,0
DA:348,0
DA:349,0
DA:350,0
DA:351,0
DA:352,0
DA:353,0
DA:354,0
DA:355,0
DA:356,0
DA:357,0
DA:358,0
DA:365,0
DA:366,0
DA:368,0
DA:373,0
DA:374,0
DA:375,0
DA:380,0
DA:385,0
DA:390,0
LF:34
LH:0
BRDA:320,0,0,0
BRDA:320,0,1,0
BRDA:326,1,0,0
BRDA:326,1,1,0
BRDA:354,2,0,0
BRDA:354,2,1,0
BRDA:356,3,0,0
BRDA:356,3,1,0
BRDA:374,4,0,0
BRDA:374,4,1,0
BRF:10
BRH:0
end_of_record
TN:
SF:src/lib/plan-context.tsx
FN:39,PlanProvider
FN:44,(anonymous_1)
FN:60,(anonymous_2)
FN:66,(anonymous_3)
FN:67,(anonymous_4)
FN:74,(anonymous_5)
FN:80,(anonymous_6)
FN:80,(anonymous_7)
FN:90,(anonymous_8)
FN:91,(anonymous_9)
FN:95,(anonymous_10)
FN:95,(anonymous_11)
FN:105,(anonymous_12)
FN:106,(anonymous_13)
FN:109,(anonymous_14)
FN:111,(anonymous_15)
FN:111,(anonymous_16)
FN:121,(anonymous_17)
FN:130,(anonymous_18)
FN:131,(anonymous_19)
FN:139,(anonymous_20)
FN:161,usePlan
FN:168,usePlanSafe
FN:175,(anonymous_23)
FN:176,(anonymous_24)
FN:177,(anonymous_25)
FN:178,(anonymous_26)
FN:179,(anonymous_27)
FN:180,(anonymous_28)
FNF:29
FNH:0
FNDA:0,PlanProvider
FNDA:0,(anonymous_1)
FNDA:0,(anonymous_2)
FNDA:0,(anonymous_3)
FNDA:0,(anonymous_4)
FNDA:0,(anonymous_5)
FNDA:0,(anonymous_6)
FNDA:0,(anonymous_7)
FNDA:0,(anonymous_8)
FNDA:0,(anonymous_9)
FNDA:0,(anonymous_10)
FNDA:0,(anonymous_11)
FNDA:0,(anonymous_12)
FNDA:0,(anonymous_13)
FNDA:0,(anonymous_14)
FNDA:0,(anonymous_15)
FNDA:0,(anonymous_16)
FNDA:0,(anonymous_17)
FNDA:0,(anonymous_18)
FNDA:0,(anonymous_19)
FNDA:0,(anonymous_20)
FNDA:0,usePlan
FNDA:0,usePlanSafe
FNDA:0,(anonymous_23)
FNDA:0,(anonymous_24)
FNDA:0,(anonymous_25)
FNDA:0,(anonymous_26)
FNDA:0,(anonymous_27)
FNDA:0,(anonymous_28)
DA:25,0
DA:27,0
DA:35,0
DA:40,0
DA:41,0
DA:44,0
DA:45,0
DA:46,0
DA:47,0
DA:48,0
DA:49,0
DA:50,0
DA:56,0
DA:60,0
DA:61,0
DA:62,0
DA:66,0
DA:67,0
DA:68,0
DA:69,0
DA:71,0
DA:73,0
DA:74,0
DA:76,0
DA:79,0
DA:80,0
DA:82,0
DA:90,0
DA:91,0
DA:92,0
DA:93,0
DA:94,0
DA:95,0
DA:97,0
DA:105,0
DA:106,0
DA:107,0
DA:108,0
DA:109,0
DA:110,0
DA:111,0
DA:113,0
DA:121,0
DA:122,0
DA:123,0
DA:130,0
DA:131,0
DA:138,0
DA:139,0
DA:143,0
DA:145,0
DA:156,0
DA:162,0
DA:163,0
DA:164,0
DA:169,0
DA:170,0
DA:171,0
DA:180,0
DA:184,0
LF:60
LH:0
BRDA:47,0,0,0
BRDA:47,0,1,0
BRDA:49,1,0,0
BRDA:49,1,1,0
BRDA:61,2,0,0
BRDA:61,2,1,0
BRDA:69,3,0,0
BRDA:69,3,1,0
BRDA:73,4,0,0
BRDA:73,4,1,0
BRDA:80,5,0,0
BRDA:80,5,1,0
BRDA:84,6,0,0
BRDA:84,6,1,0
BRDA:85,7,0,0
BRDA:85,7,1,0
BRDA:92,8,0,0
BRDA:92,8,1,0
BRDA:95,9,0,0
BRDA:95,9,1,0
BRDA:99,10,0,0
BRDA:99,10,1,0
BRDA:100,11,0,0
BRDA:100,11,1,0
BRDA:108,12,0,0
BRDA:108,12,1,0
BRDA:111,13,0,0
BRDA:111,13,1,0
BRDA:115,14,0,0
BRDA:115,14,1,0
BRDA:116,15,0,0
BRDA:116,15,1,0
BRDA:163,16,0,0
BRDA:163,16,1,0
BRDA:170,17,0,0
BRDA:170,17,1,0
BRF:36
BRH:0
end_of_record
TN:
SF:src/lib/swr.tsx
FN:11,fetcher
FN:16,(anonymous_1)
FN:48,SWRProvider
FNF:3
FNH:0
FNDA:0,fetcher
FNDA:0,(anonymous_1)
FNDA:0,SWRProvider
DA:13,0
DA:14,0
DA:15,0
DA:16,0
DA:17,0
DA:18,0
DA:19,0
DA:20,0
DA:22,0
DA:26,0
DA:27,0
DA:28,0
DA:29,0
DA:32,0
DA:36,0
DA:49,0
LF:16
LH:0
BRDA:13,0,0,0
BRDA:13,0,1,0
BRDA:15,1,0,0
BRDA:15,1,1,0
BRDA:28,2,0,0
BRDA:28,2,1,0
BRF:6
BRH:0
end_of_record
TN:
SF:src/lib/topdoctors.ts
FN:38,getTopDoctorsSpecialtyUrl
FN:47,getTopDoctorsSearchUrl
FN:55,getTopDoctorsBookingUrl
FN:88,enrichWithTopDoctors
FNF:4
FNH:0
FNDA:0,getTopDoctorsSpecialtyUrl
FNDA:0,getTopDoctorsSearchUrl
FNDA:0,getTopDoctorsBookingUrl
FNDA:0,enrichWithTopDoctors
DA:12,0
DA:15,0
DA:39,0
DA:40,0
DA:41,0
DA:48,0
DA:56,0
DA:57,0
DA:59,0
DA:103,0
LF:10
LH:0
BRDA:40,0,0,0
BRDA:40,0,1,0
BRDA:56,1,0,0
BRDA:56,1,1,0
BRF:4
BRH:0
end_of_record
TN:
SF:src/lib/types.ts
FNF:0
FNH:0
LF:0
LH:0
BRF:0
BRH:0
end_of_record
TN:
SF:src/lib/utils.ts
FN:6,cn
FN:25,formatCurrency
FN:30,formatNumber
FN:35,formatPercent
FN:40,formatDate
FN:48,formatDateLong
FN:56,formatTime
FN:63,formatRelative
FN:79,capitalize
FN:83,slugify
FN:92,truncate
FN:97,formatCUIT
FN:104,formatDNI
FN:110,delay
FN:111,(anonymous_14)
FN:115,generateId
FNF:16
FNH:13
FNDA:3,cn
FNDA:3,formatCurrency
FNDA:2,formatNumber
FNDA:3,formatPercent
FNDA:1,formatDate
FNDA:0,formatDateLong
FNDA:0,formatTime
FNDA:0,formatRelative
FNDA:3,capitalize
FNDA:3,slugify
FNDA:2,truncate
FNDA:2,formatCUIT
FNDA:2,formatDNI
FNDA:13,delay
FNDA:13,(anonymous_14)
FNDA:3,generateId
DA:7,3
DA:11,2
DA:18,2
DA:26,3
DA:31,2
DA:36,3
DA:41,1
DA:49,0
DA:57,0
DA:64,0
DA:65,0
DA:66,0
DA:67,0
DA:68,0
DA:69,0
DA:71,0
DA:72,0
DA:73,0
DA:74,0
DA:75,0
DA:80,3
DA:84,3
DA:93,2
DA:98,2
DA:99,2
DA:100,1
DA:105,2
DA:106,2
DA:111,13
DA:116,3
LF:30
LH:17
BRDA:25,0,0,3
BRDA:26,1,0,0
BRDA:26,1,1,3
BRDA:35,2,0,3
BRDA:71,3,0,0
BRDA:71,3,1,0
BRDA:72,4,0,0
BRDA:72,4,1,0
BRDA:73,5,0,0
BRDA:73,5,1,0
BRDA:74,6,0,0
BRDA:74,6,1,0
BRDA:93,7,0,1
BRDA:93,7,1,1
BRDA:99,8,0,1
BRDA:99,8,1,1
BRF:16
BRH:7
end_of_record
TN:
SF:src/lib/ai/claude.ts
FN:125,getSystemPrompt
FN:134,getClient
FN:143,isClaudeConfigured
FN:154,askClaude
FN:174,(anonymous_4)
FNF:5
FNH:0
FNDA:0,getSystemPrompt
FNDA:0,getClient
FNDA:0,isClaudeConfigured
FNDA:0,askClaude
FNDA:0,(anonymous_4)
DA:32,0
DA:69,0
DA:96,0
DA:126,0
DA:127,0
DA:132,0
DA:135,0
DA:136,0
DA:137,0
DA:138,0
DA:139,0
DA:144,0
DA:160,0
DA:161,0
DA:163,0
DA:165,0
DA:166,0
DA:167,0
DA:170,0
DA:173,0
DA:174,0
DA:181,0
DA:188,0
DA:189,0
DA:192,0
DA:193,0
DA:194,0
DA:195,0
DA:196,0
DA:198,0
DA:199,0
DA:201,0
DA:203,0
DA:206,0
DA:207,0
DA:208,0
DA:211,0
DA:213,0
DA:214,0
LF:39
LH:0
BRDA:126,0,0,0
BRDA:126,0,1,0
BRDA:126,1,0,0
BRDA:126,1,1,0
BRDA:135,2,0,0
BRDA:135,2,1,0
BRDA:137,3,0,0
BRDA:137,3,1,0
BRDA:161,4,0,0
BRDA:161,4,1,0
BRDA:166,5,0,0
BRDA:166,5,1,0
BRDA:167,6,0,0
BRDA:167,6,1,0
BRDA:174,7,0,0
BRDA:174,7,1,0
BRDA:189,8,0,0
BRDA:189,8,1,0
BRDA:189,9,0,0
BRDA:189,9,1,0
BRDA:193,10,0,0
BRDA:193,10,1,0
BRDA:195,11,0,0
BRDA:195,11,1,0
BRDA:198,12,0,0
BRDA:198,12,1,0
BRDA:206,13,0,0
BRDA:206,13,1,0
BRDA:206,14,0,0
BRDA:206,14,1,0
BRF:30
BRH:0
end_of_record
TN:
SF:src/lib/auth/context.tsx
FN:105,AuthProvider
FN:113,(anonymous_1)
FN:115,(anonymous_2)
FN:133,(anonymous_3)
FN:139,(anonymous_4)
FN:162,(anonymous_5)
FN:192,(anonymous_6)
FN:208,(anonymous_7)
FN:222,useAuth
FN:228,useUser
FNF:10
FNH:0
FNDA:0,AuthProvider
FNDA:0,(anonymous_1)
FNDA:0,(anonymous_2)
FNDA:0,(anonymous_3)
FNDA:0,(anonymous_4)
FNDA:0,(anonymous_5)
FNDA:0,(anonymous_6)
FNDA:0,(anonymous_7)
FNDA:0,useAuth
FNDA:0,useUser
DA:58,0
DA:103,0
DA:106,0
DA:113,0
DA:114,0
DA:115,0
DA:116,0
DA:117,0
DA:118,0
DA:119,0
DA:120,0
DA:121,0
DA:128,0
DA:129,0
DA:133,0
DA:134,0
DA:139,0
DA:140,0
DA:141,0
DA:148,0
DA:150,0
DA:151,0
DA:154,0
DA:155,0
DA:157,0
DA:162,0
DA:163,0
DA:164,0
DA:177,0
DA:179,0
DA:180,0
DA:183,0
DA:184,0
DA:186,0
DA:192,0
DA:193,0
DA:194,0
DA:202,0
DA:203,0
DA:204,0
DA:207,0
DA:209,0
DA:210,0
DA:215,0
DA:223,0
DA:224,0
DA:225,0
DA:229,0
DA:230,0
DA:231,0
LF:50
LH:0
BRDA:118,0,0,0
BRDA:118,0,1,0
BRDA:120,1,0,0
BRDA:120,1,1,0
BRDA:122,2,0,0
BRDA:122,2,1,0
BRDA:128,3,0,0
BRDA:128,3,1,0
BRDA:150,4,0,0
BRDA:150,4,1,0
BRDA:150,5,0,0
BRDA:150,5,1,0
BRDA:151,6,0,0
BRDA:151,6,1,0
BRDA:179,7,0,0
BRDA:179,7,1,0
BRDA:179,8,0,0
BRDA:179,8,1,0
BRDA:180,9,0,0
BRDA:180,9,1,0
BRDA:209,10,0,0
BRDA:209,10,1,0
BRDA:224,11,0,0
BRDA:224,11,1,0
BRDA:230,12,0,0
BRDA:230,12,1,0
BRF:26
BRH:0
end_of_record
TN:
SF:src/lib/auth/rbac.ts
FN:30,canAccessRoute
FN:74,(anonymous_1)
FN:75,(anonymous_2)
FNF:3
FNH:0
FNDA:0,canAccessRoute
FNDA:0,(anonymous_1)
FNDA:0,(anonymous_2)
DA:4,0
DA:13,0
DA:31,0
DA:73,0
DA:74,0
DA:75,0
DA:77,0
DA:79,0
DA:80,0
DA:81,0
LF:10
LH:0
BRDA:77,0,0,0
BRDA:77,0,1,0
BRDA:80,1,0,0
BRDA:80,1,1,0
BRDA:81,2,0,0
BRDA:81,2,1,0
BRF:6
BRH:0
end_of_record
TN:
SF:src/lib/hooks/useGeolocation.ts
FN:54,readCache
FN:71,roundCoord
FN:76,writeCache
FN:89,geoErrorMessage
FN:104,useGeolocation
FN:120,(anonymous_5)
FN:123,checkPermission
FN:128,(anonymous_7)
FN:141,(anonymous_8)
FN:147,(anonymous_9)
FN:157,(anonymous_10)
FN:170,(anonymous_11)
FN:184,(anonymous_12)
FNF:13
FNH:0
FNDA:0,readCache
FNDA:0,roundCoord
FNDA:0,writeCache
FNDA:0,geoErrorMessage
FNDA:0,useGeolocation
FNDA:0,(anonymous_5)
FNDA:0,checkPermission
FNDA:0,(anonymous_7)
FNDA:0,(anonymous_8)
FNDA:0,(anonymous_9)
FNDA:0,(anonymous_10)
FNDA:0,(anonymous_11)
FNDA:0,(anonymous_12)
DA:46,0
DA:48,0
DA:50,0
DA:55,0
DA:56,0
DA:57,0
DA:58,0
DA:59,0
DA:60,0
DA:61,0
DA:62,0
DA:64,0
DA:66,0
DA:72,0
DA:73,0
DA:77,0
DA:78,0
DA:83,0
DA:90,0
DA:92,0
DA:94,0
DA:96,0
DA:98,0
DA:110,0
DA:112,0
DA:113,0
DA:114,0
DA:115,0
DA:116,0
DA:117,0
DA:120,0
DA:121,0
DA:124,0
DA:125,0
DA:126,0
DA:128,0
DA:129,0
DA:130,0
DA:133,0
DA:139,0
DA:141,0
DA:142,0
DA:147,0
DA:148,0
DA:149,0
DA:150,0
DA:153,0
DA:154,0
DA:156,0
DA:158,0
DA:159,0
DA:165,0
DA:166,0
DA:167,0
DA:168,0
DA:171,0
DA:172,0
DA:173,0
DA:184,0
DA:186,0
DA:187,0
DA:188,0
DA:189,0
DA:192,0
DA:193,0
DA:198,0
LF:66
LH:0
BRDA:55,0,0,0
BRDA:55,0,1,0
BRDA:58,1,0,0
BRDA:58,1,1,0
BRDA:60,2,0,0
BRDA:60,2,1,0
BRDA:71,3,0,0
BRDA:90,4,0,0
BRDA:90,4,1,0
BRDA:90,4,2,0
BRDA:90,4,3,0
BRDA:110,5,0,0
BRDA:110,6,0,0
BRDA:110,7,0,0
BRDA:110,7,1,0
BRDA:126,8,0,0
BRDA:126,8,1,0
BRDA:129,9,0,0
BRDA:129,9,1,0
BRDA:129,10,0,0
BRDA:129,10,1,0
BRDA:148,11,0,0
BRDA:148,11,1,0
BRDA:148,12,0,0
BRDA:148,12,1,0
BRDA:158,13,0,0
BRDA:158,13,1,0
BRDA:171,14,0,0
BRDA:171,14,1,0
BRDA:187,15,0,0
BRDA:187,15,1,0
BRDA:192,16,0,0
BRDA:192,16,1,0
BRF:33
BRH:0
end_of_record
TN:
SF:src/lib/hooks/useModules.ts
FN:27,useMedications
FN:31,usePrescriptions
FN:35,useDeliveries
FN:39,useRecurringOrders
FN:43,useFarmaciaKPIs
FN:49,useWaitingRoom
FN:53,useConsultations
FN:57,useScheduledConsultations
FN:61,useTelemedicinaKPIs
FN:67,useDoctors
FN:71,useDirectorioKPIs
FN:77,useTriages
FN:81,useTriageKPIs
FN:87,useNubixStudies
FN:91,useNubixReports
FN:95,useNubixDeliveries
FN:99,useNubixAppointments
FN:103,useNubixKPIs
FNF:18
FNH:0
FNDA:0,useMedications
FNDA:0,usePrescriptions
FNDA:0,useDeliveries
FNDA:0,useRecurringOrders
FNDA:0,useFarmaciaKPIs
FNDA:0,useWaitingRoom
FNDA:0,useConsultations
FNDA:0,useScheduledConsultations
FNDA:0,useTelemedicinaKPIs
FNDA:0,useDoctors
FNDA:0,useDirectorioKPIs
FNDA:0,useTriages
FNDA:0,useTriageKPIs
FNDA:0,useNubixStudies
FNDA:0,useNubixReports
FNDA:0,useNubixDeliveries
FNDA:0,useNubixAppointments
FNDA:0,useNubixKPIs
DA:28,0
DA:32,0
DA:36,0
DA:40,0
DA:44,0
DA:50,0
DA:54,0
DA:58,0
DA:62,0
DA:68,0
DA:72,0
DA:78,0
DA:82,0
DA:88,0
DA:92,0
DA:96,0
DA:100,0
DA:104,0
LF:18
LH:0
BRF:0
BRH:0
end_of_record
TN:
SF:src/lib/hooks/useNearbyServices.ts
FN:86,haversineKm
FN:231,reverseGeocode
FN:245,useNearbyServices
FN:254,(anonymous_3)
FN:258,(anonymous_4)
FN:262,(anonymous_5)
FN:268,(anonymous_6)
FN:275,withDistance
FN:279,(anonymous_8)
FN:283,(anonymous_9)
FN:284,(anonymous_10)
FN:308,formatDistance
FNF:12
FNH:0
FNDA:0,haversineKm
FNDA:0,reverseGeocode
FNDA:0,useNearbyServices
FNDA:0,(anonymous_3)
FNDA:0,(anonymous_4)
FNDA:0,(anonymous_5)
FNDA:0,(anonymous_6)
FNDA:0,withDistance
FNDA:0,(anonymous_8)
FNDA:0,(anonymous_9)
FNDA:0,(anonymous_10)
FNDA:0,formatDistance
DA:87,0
DA:88,0
DA:89,0
DA:91,0
DA:93,0
DA:99,0
DA:153,0
DA:186,0
DA:232,0
DA:234,0
DA:235,0
DA:236,0
DA:237,0
DA:239,0
DA:246,0
DA:247,0
DA:248,0
DA:251,0
DA:252,0
DA:254,0
DA:255,0
DA:256,0
DA:258,0
DA:259,0
DA:262,0
DA:263,0
DA:268,0
DA:269,0
DA:270,0
DA:273,0
DA:278,0
DA:279,0
DA:283,0
DA:284,0
DA:287,0
DA:294,0
DA:309,0
DA:310,0
LF:38
LH:0
BRDA:235,0,0,0
BRDA:235,0,1,0
BRDA:237,1,0,0
BRDA:237,1,1,0
BRDA:255,2,0,0
BRDA:255,2,1,0
BRDA:255,3,0,0
BRDA:255,3,1,0
BRDA:259,4,0,0
BRDA:259,4,1,0
BRDA:259,5,0,0
BRDA:259,5,1,0
BRDA:269,6,0,0
BRDA:269,6,1,0
BRDA:309,7,0,0
BRDA:309,7,1,0
BRF:16
BRH:0
end_of_record
TN:
SF:src/lib/hooks/usePatientName.ts
FN:9,getCookie
FN:15,setCookie
FN:19,deleteCookie
FN:34,usePatientName
FN:38,(anonymous_4)
FN:43,(anonymous_5)
FN:50,(anonymous_6)
FN:60,(anonymous_7)
FNF:8
FNH:0
FNDA:0,getCookie
FNDA:0,setCookie
FNDA:0,deleteCookie
FNDA:0,usePatientName
FNDA:0,(anonymous_4)
FNDA:0,(anonymous_5)
FNDA:0,(anonymous_6)
FNDA:0,(anonymous_7)
DA:5,0
DA:7,0
DA:10,0
DA:11,0
DA:12,0
DA:16,0
DA:20,0
DA:35,0
DA:36,0
DA:38,0
DA:39,0
DA:40,0
DA:43,0
DA:44,0
DA:45,0
DA:46,0
DA:47,0
DA:50,0
DA:51,0
DA:52,0
DA:55,0
DA:60,0
DA:64,0
DA:66,0
LF:24
LH:0
BRDA:10,0,0,0
BRDA:10,0,1,0
BRDA:12,1,0,0
BRDA:12,1,1,0
BRDA:12,2,0,0
BRDA:12,2,1,0
BRDA:45,3,0,0
BRDA:45,3,1,0
BRDA:55,4,0,0
BRDA:55,4,1,0
BRDA:60,5,0,0
BRDA:60,5,1,0
BRDA:64,6,0,0
BRDA:64,6,1,0
BRDA:72,7,0,0
BRDA:72,7,1,0
BRF:16
BRH:0
end_of_record
TN:
SF:src/lib/i18n/context.tsx
FN:19,(anonymous_0)
FN:20,(anonymous_1)
FN:25,LanguageProvider
FN:28,(anonymous_3)
FN:29,(anonymous_4)
FN:33,(anonymous_5)
FN:42,(anonymous_6)
FN:51,useLocale
FNF:8
FNH:0
FNDA:0,(anonymous_0)
FNDA:0,(anonymous_1)
FNDA:0,LanguageProvider
FNDA:0,(anonymous_3)
FNDA:0,(anonymous_4)
FNDA:0,(anonymous_5)
FNDA:0,(anonymous_6)
FNDA:0,useLocale
DA:16,0
DA:20,0
DA:26,0
DA:28,0
DA:29,0
DA:32,0
DA:34,0
DA:35,0
DA:36,0
DA:41,0
DA:42,0
DA:46,0
DA:52,0
LF:13
LH:0
BRDA:29,0,0,0
BRDA:29,0,1,0
BRDA:35,1,0,0
BRDA:35,1,1,0
BRF:4
BRH:0
end_of_record
TN:
SF:src/lib/i18n/translations.ts
FNF:0
FNH:0
DA:9,0
LF:1
LH:0
BRF:0
BRH:0
end_of_record
TN:
SF:src/lib/nubix/client.ts
FN:23,configureNubixClient
FN:28,isNubixConfigured
FN:44,getConfig
FN:65,(anonymous_3)
FN:78,request
FN:101,(anonymous_5)
FN:161,nubixGet
FN:168,nubixPost
FN:172,nubixPut
FN:176,nubixDelete
FN:182,nubixGetPaginated
FNF:11
FNH:0
FNDA:0,configureNubixClient
FNDA:0,isNubixConfigured
FNDA:0,getConfig
FNDA:0,(anonymous_3)
FNDA:0,request
FNDA:0,(anonymous_5)
FNDA:0,nubixGet
FNDA:0,nubixPost
FNDA:0,nubixPut
FNDA:0,nubixDelete
FNDA:0,nubixGetPaginated
DA:20,0
DA:24,0
DA:29,0
DA:32,0
DA:33,0
DA:34,0
DA:36,0
DA:37,0
DA:38,0
DA:41,0
DA:45,0
DA:47,0
DA:48,0
DA:49,0
DA:51,0
DA:52,0
DA:54,0
DA:59,0
DA:66,0
DA:67,0
DA:69,0
DA:71,0
DA:72,0
DA:87,0
DA:88,0
DA:91,0
DA:92,0
DA:93,0
DA:94,0
DA:99,0
DA:100,0
DA:101,0
DA:103,0
DA:104,0
DA:116,0
DA:117,0
DA:118,0
DA:119,0
DA:125,0
DA:126,0
DA:131,0
DA:135,0
DA:136,0
DA:139,0
DA:141,0
DA:143,0
DA:144,0
DA:145,0
DA:148,0
DA:149,0
DA:155,0
DA:165,0
DA:169,0
DA:173,0
DA:177,0
DA:186,0
LF:56
LH:0
BRDA:29,0,0,0
BRDA:29,0,1,0
BRDA:36,1,0,0
BRDA:36,1,1,0
BRDA:36,2,0,0
BRDA:36,2,1,0
BRDA:36,2,2,0
BRDA:45,3,0,0
BRDA:45,3,1,0
BRDA:51,4,0,0
BRDA:51,4,1,0
BRDA:51,5,0,0
BRDA:51,5,1,0
BRDA:51,5,2,0
BRDA:91,6,0,0
BRDA:91,6,1,0
BRDA:93,7,0,0
BRDA:93,7,1,0
BRDA:99,8,0,0
BRDA:99,8,1,0
BRDA:112,9,0,0
BRDA:112,9,1,0
BRDA:113,10,0,0
BRDA:113,10,1,0
BRDA:116,11,0,0
BRDA:116,11,1,0
BRDA:125,12,0,0
BRDA:125,12,1,0
BRDA:131,13,0,0
BRDA:131,13,1,0
BRDA:135,14,0,0
BRDA:135,14,1,0
BRDA:141,15,0,0
BRDA:141,15,1,0
BRDA:143,16,0,0
BRDA:143,16,1,0
BRDA:143,17,0,0
BRDA:143,17,1,0
BRF:38
BRH:0
end_of_record
TN:
SF:src/lib/nubix/index.ts
FNF:0
FNH:0
LF:0
LH:0
BRF:0
BRH:0
end_of_record
TN:
SF:src/lib/nubix/types.ts
FNF:0
FNH:0
LF:0
LH:0
BRF:0
BRH:0
end_of_record
TN:
SF:src/lib/security/api-guard.ts
FN:11,getClientIp
FN:21,checkRateLimit
FN:41,sanitizeBody
FNF:3
FNH:0
FNDA:0,getClientIp
FNDA:0,checkRateLimit
FNDA:0,sanitizeBody
DA:12,0
DA:26,0
DA:27,0
DA:28,0
DA:30,0
DA:31,0
DA:32,0
DA:37,0
DA:42,0
LF:9
LH:0
BRDA:13,0,0,0
BRDA:13,0,1,0
BRDA:13,0,2,0
BRDA:13,0,3,0
BRDA:30,1,0,0
BRDA:30,1,1,0
BRF:6
BRH:0
end_of_record
TN:
SF:src/lib/security/crypto.ts
FN:11,encrypt
FN:22,decrypt
FNF:2
FNH:0
FNDA:0,encrypt
FNDA:0,decrypt
DA:7,0
DA:8,0
DA:12,0
DA:13,0
DA:14,0
DA:15,0
DA:16,0
DA:17,0
DA:18,0
DA:23,0
DA:24,0
DA:25,0
DA:26,0
DA:27,0
DA:28,0
DA:29,0
DA:30,0
DA:31,0
DA:32,0
LF:19
LH:0
BRDA:7,0,0,0
BRDA:7,0,1,0
BRDA:25,1,0,0
BRDA:25,1,1,0
BRDA:25,2,0,0
BRDA:25,2,1,0
BRDA:25,2,2,0
BRF:7
BRH:0
end_of_record
TN:
SF:src/lib/security/rate-limit.ts
FN:32,(anonymous_0)
FN:42,memoryRateLimit
FN:65,initUpstash
FN:79,(anonymous_3)
FN:117,rateLimit
FN:128,rateLimitAsync
FN:144,rateLimitHeaders
FNF:7
FNH:0
FNDA:0,(anonymous_0)
FNDA:0,memoryRateLimit
FNDA:0,initUpstash
FNDA:0,(anonymous_3)
FNDA:0,rateLimit
FNDA:0,rateLimitAsync
FNDA:0,rateLimitHeaders
DA:27,0
DA:30,0
DA:31,0
DA:33,0
DA:34,0
DA:35,0
DA:43,0
DA:44,0
DA:45,0
DA:47,0
DA:48,0
DA:49,0
DA:50,0
DA:53,0
DA:54,0
DA:57,0
DA:58,0
DA:63,0
DA:66,0
DA:67,0
DA:68,0
DA:70,0
DA:71,0
DA:72,0
DA:74,0
DA:77,0
DA:79,0
DA:80,0
DA:81,0
DA:82,0
DA:83,0
DA:89,0
DA:92,0
DA:93,0
DA:100,0
DA:101,0
DA:103,0
DA:104,0
DA:109,0
DA:121,0
DA:132,0
DA:133,0
DA:134,0
DA:135,0
DA:137,0
DA:140,0
DA:145,0
LF:47
LH:0
BRDA:30,0,0,0
BRDA:30,0,1,0
BRDA:35,1,0,0
BRDA:35,1,1,0
BRDA:47,2,0,0
BRDA:47,2,1,0
BRDA:47,3,0,0
BRDA:47,3,1,0
BRDA:53,4,0,0
BRDA:53,4,1,0
BRDA:68,5,0,0
BRDA:68,5,1,0
BRDA:68,6,0,0
BRDA:68,6,1,0
BRDA:82,7,0,0
BRDA:82,7,1,0
BRDA:119,8,0,0
BRDA:130,9,0,0
BRDA:133,10,0,0
BRDA:133,10,1,0
BRF:20
BRH:0
end_of_record
TN:
SF:src/lib/security/require-auth.ts
FN:33,requireAuth
FNF:1
FNH:0
FNDA:0,requireAuth
DA:16,0
DA:35,0
DA:36,0
DA:37,0
DA:38,0
DA:39,0
DA:40,0
DA:50,0
DA:51,0
DA:56,0
DA:69,0
DA:74,0
LF:12
LH:0
BRDA:36,0,0,0
BRDA:36,0,1,0
BRDA:39,1,0,0
BRDA:39,1,1,0
BRDA:39,2,0,0
BRDA:39,2,1,0
BRDA:39,2,2,0
BRDA:51,3,0,0
BRDA:51,3,1,0
BRF:9
BRH:0
end_of_record
TN:
SF:src/lib/security/sanitize.ts
FN:4,stripHtml
FN:9,escapeHtml
FN:17,(anonymous_2)
FN:21,sanitize
FN:26,sanitizeObject
FN:33,(anonymous_5)
FNF:6
FNH:0
FNDA:0,stripHtml
FNDA:0,escapeHtml
FNDA:0,(anonymous_2)
FNDA:0,sanitize
FNDA:0,sanitizeObject
FNDA:0,(anonymous_5)
DA:5,0
DA:10,0
DA:17,0
DA:22,0
DA:27,0
DA:28,0
DA:29,0
DA:30,0
DA:31,0
DA:32,0
DA:33,0
DA:34,0
DA:40,0
DA:41,0
DA:47,0
LF:15
LH:0
BRDA:17,0,0,0
BRDA:17,0,1,0
BRDA:21,1,0,0
BRDA:26,2,0,0
BRDA:30,3,0,0
BRDA:30,3,1,0
BRDA:32,4,0,0
BRDA:32,4,1,0
BRDA:34,5,0,0
BRDA:34,5,1,0
BRDA:36,6,0,0
BRDA:36,6,1,0
BRDA:36,7,0,0
BRDA:36,7,1,0
BRDA:40,8,0,0
BRDA:40,8,1,0
BRDA:40,9,0,0
BRDA:40,9,1,0
BRF:18
BRH:0
end_of_record
TN:
SF:src/lib/services/data-client.ts
FN:75,(anonymous_0)
FN:83,(anonymous_1)
FN:85,(anonymous_2)
FN:86,(anonymous_3)
FNF:4
FNH:0
FNDA:0,(anonymous_0)
FNDA:0,(anonymous_1)
FNDA:0,(anonymous_2)
FNDA:0,(anonymous_3)
DA:48,0
DA:75,0
DA:83,0
DA:85,0
DA:86,0
LF:5
LH:0
BRF:0
BRH:0
end_of_record
TN:
SF:src/lib/services/data.ts
FN:1415,getDashboardKPIs
FN:1424,getFacturacionKPIs
FN:1433,getRechazosKPIs
FN:1442,getPacientesKPIs
FN:1457,getAgendaKPIs
FN:1466,getInventarioKPIs
FN:1477,getPacientes
FN:1482,getPaciente
FN:1484,(anonymous_8)
FN:1487,getFacturas
FN:1492,getRechazos
FN:1497,getFinanciadores
FN:1502,getInflacion
FN:1507,getAlertas
FN:1512,getTurnos
FN:1517,getInventario
FN:1522,getNomenclador
FN:1527,getReportes
FN:1532,getAuditoria
FNF:19
FNH:19
FNDA:1,getDashboardKPIs
FNDA:1,getFacturacionKPIs
FNDA:1,getRechazosKPIs
FNDA:1,getPacientesKPIs
FNDA:1,getAgendaKPIs
FNDA:1,getInventarioKPIs
FNDA:1,getPacientes
FNDA:2,getPaciente
FNDA:13,(anonymous_8)
FNDA:1,getFacturas
FNDA:1,getRechazos
FNDA:1,getFinanciadores
FNDA:1,getInflacion
FNDA:1,getAlertas
FNDA:1,getTurnos
FNDA:1,getInventario
FNDA:1,getNomenclador
FNDA:1,getReportes
FNDA:1,getAuditoria
DA:21,1
DA:38,1
DA:198,1
DA:326,1
DA:450,1
DA:531,1
DA:589,1
DA:684,1
DA:846,1
DA:996,1
DA:1225,1
DA:1321,1
DA:1416,1
DA:1425,1
DA:1434,1
DA:1443,1
DA:1458,1
DA:1467,1
DA:1478,1
DA:1479,1
DA:1483,2
DA:1484,13
DA:1488,1
DA:1489,1
DA:1493,1
DA:1494,1
DA:1498,1
DA:1499,1
DA:1503,1
DA:1504,1
DA:1508,1
DA:1509,1
DA:1513,1
DA:1514,1
DA:1518,1
DA:1519,1
DA:1523,1
DA:1524,1
DA:1528,1
DA:1529,1
DA:1533,1
DA:1534,1
LF:42
LH:42
BRDA:21,0,0,0
BRDA:21,0,1,1
BRDA:1484,1,0,2
BRDA:1484,1,1,1
BRF:4
BRH:3
end_of_record
TN:
SF:src/lib/services/directorio.ts
FN:202,getSupabase
FN:207,getDoctors
FN:216,(anonymous_2)
FN:219,(anonymous_3)
FN:222,(anonymous_4)
FN:227,(anonymous_5)
FN:252,(anonymous_6)
FN:260,mapDoctor
FN:278,getDoctorReviews
FN:279,(anonymous_9)
FN:289,(anonymous_10)
FN:298,(anonymous_11)
FN:302,verifyPatientCoverage
FN:311,(anonymous_13)
FN:320,getDirectorioKPIs
FN:323,(anonymous_15)
FN:327,(anonymous_16)
FN:329,(anonymous_17)
FN:330,(anonymous_18)
FNF:19
FNH:0
FNDA:0,getSupabase
FNDA:0,getDoctors
FNDA:0,(anonymous_2)
FNDA:0,(anonymous_3)
FNDA:0,(anonymous_4)
FNDA:0,(anonymous_5)
FNDA:0,(anonymous_6)
FNDA:0,mapDoctor
FNDA:0,getDoctorReviews
FNDA:0,(anonymous_9)
FNDA:0,(anonymous_10)
FNDA:0,(anonymous_11)
FNDA:0,verifyPatientCoverage
FNDA:0,(anonymous_13)
FNDA:0,getDirectorioKPIs
FNDA:0,(anonymous_15)
FNDA:0,(anonymous_16)
FNDA:0,(anonymous_17)
FNDA:0,(anonymous_18)
DA:9,0
DA:24,0
DA:33,0
DA:35,0
DA:50,0
DA:173,0
DA:203,0
DA:204,0
DA:213,0
DA:214,0
DA:215,0
DA:216,0
DA:218,0
DA:219,0
DA:221,0
DA:222,0
DA:224,0
DA:225,0
DA:226,0
DA:227,0
DA:230,0
DA:232,0
DA:233,0
DA:234,0
DA:239,0
DA:240,0
DA:242,0
DA:243,0
DA:245,0
DA:246,0
DA:248,0
DA:249,0
DA:250,0
DA:251,0
DA:252,0
DA:254,0
DA:256,0
DA:261,0
DA:279,0
DA:280,0
DA:281,0
DA:282,0
DA:288,0
DA:289,0
DA:298,0
DA:311,0
DA:312,0
DA:313,0
DA:321,0
DA:322,0
DA:323,0
DA:325,0
DA:327,0
DA:329,0
DA:330,0
LF:55
LH:0
BRDA:213,0,0,0
BRDA:213,0,1,0
BRDA:215,1,0,0
BRDA:215,1,1,0
BRDA:215,2,0,0
BRDA:215,2,1,0
BRDA:218,3,0,0
BRDA:218,3,1,0
BRDA:218,4,0,0
BRDA:218,4,1,0
BRDA:221,5,0,0
BRDA:221,5,1,0
BRDA:221,6,0,0
BRDA:221,6,1,0
BRDA:224,7,0,0
BRDA:224,7,1,0
BRDA:227,8,0,0
BRDA:227,8,1,0
BRDA:239,9,0,0
BRDA:239,9,1,0
BRDA:239,10,0,0
BRDA:239,10,1,0
BRDA:242,11,0,0
BRDA:242,11,1,0
BRDA:242,12,0,0
BRDA:242,12,1,0
BRDA:245,13,0,0
BRDA:245,13,1,0
BRDA:249,14,0,0
BRDA:249,14,1,0
BRDA:250,15,0,0
BRDA:250,15,1,0
BRDA:251,16,0,0
BRDA:251,16,1,0
BRDA:251,17,0,0
BRDA:251,17,1,0
BRDA:266,18,0,0
BRDA:266,18,1,0
BRDA:267,19,0,0
BRDA:267,19,1,0
BRDA:268,20,0,0
BRDA:268,20,1,0
BRDA:269,21,0,0
BRDA:269,21,1,0
BRDA:270,22,0,0
BRDA:270,22,1,0
BRDA:273,23,0,0
BRDA:273,23,1,0
BRDA:274,24,0,0
BRDA:274,24,1,0
BRDA:279,25,0,0
BRDA:279,25,1,0
BRDA:288,26,0,0
BRDA:288,26,1,0
BRDA:289,27,0,0
BRDA:289,27,1,0
BRDA:294,28,0,0
BRDA:294,28,1,0
BRDA:312,29,0,0
BRDA:312,29,1,0
BRDA:315,30,0,0
BRDA:315,30,1,0
BRDA:315,31,0,0
BRDA:315,31,1,0
BRDA:316,32,0,0
BRDA:316,32,1,0
BRDA:323,33,0,0
BRDA:323,33,1,0
BRF:68
BRH:0
end_of_record
TN:
SF:src/lib/services/farmacia.ts
FN:212,getSupabase
FN:217,getMedications
FN:227,(anonymous_2)
FN:244,getPrescriptions
FN:253,(anonymous_4)
FN:268,getDeliveries
FN:277,(anonymous_6)
FN:293,getRecurringOrders
FN:299,(anonymous_8)
FN:314,createPrescription
FN:349,updateDeliveryStatus
FN:364,getFarmaciaKPIs
FN:371,(anonymous_12)
FN:372,(anonymous_13)
FN:373,(anonymous_14)
FN:374,(anonymous_15)
FNF:16
FNH:0
FNDA:0,getSupabase
FNDA:0,getMedications
FNDA:0,(anonymous_2)
FNDA:0,getPrescriptions
FNDA:0,(anonymous_4)
FNDA:0,getDeliveries
FNDA:0,(anonymous_6)
FNDA:0,getRecurringOrders
FNDA:0,(anonymous_8)
FNDA:0,createPrescription
FNDA:0,updateDeliveryStatus
FNDA:0,getFarmaciaKPIs
FNDA:0,(anonymous_12)
FNDA:0,(anonymous_13)
FNDA:0,(anonymous_14)
FNDA:0,(anonymous_15)
DA:9,0
DA:108,0
DA:141,0
DA:177,0
DA:213,0
DA:214,0
DA:218,0
DA:219,0
DA:220,0
DA:221,0
DA:226,0
DA:227,0
DA:240,0
DA:245,0
DA:246,0
DA:247,0
DA:248,0
DA:252,0
DA:253,0
DA:264,0
DA:269,0
DA:270,0
DA:271,0
DA:272,0
DA:276,0
DA:277,0
DA:289,0
DA:294,0
DA:295,0
DA:296,0
DA:297,0
DA:298,0
DA:299,0
DA:310,0
DA:320,0
DA:321,0
DA:323,0
DA:324,0
DA:336,0
DA:337,0
DA:354,0
DA:355,0
DA:356,0
DA:365,0
DA:370,0
DA:371,0
DA:372,0
DA:373,0
DA:374,0
LF:49
LH:0
BRDA:218,0,0,0
BRDA:218,0,1,0
BRDA:226,1,0,0
BRDA:226,1,1,0
BRDA:227,2,0,0
BRDA:227,2,1,0
BRDA:245,3,0,0
BRDA:245,3,1,0
BRDA:252,4,0,0
BRDA:252,4,1,0
BRDA:253,5,0,0
BRDA:253,5,1,0
BRDA:259,6,0,0
BRDA:259,6,1,0
BRDA:269,7,0,0
BRDA:269,7,1,0
BRDA:276,8,0,0
BRDA:276,8,1,0
BRDA:277,9,0,0
BRDA:277,9,1,0
BRDA:284,10,0,0
BRDA:284,10,1,0
BRDA:294,11,0,0
BRDA:294,11,1,0
BRDA:298,12,0,0
BRDA:298,12,1,0
BRDA:299,13,0,0
BRDA:299,13,1,0
BRDA:303,14,0,0
BRDA:303,14,1,0
BRDA:320,15,0,0
BRDA:320,15,1,0
BRDA:336,16,0,0
BRDA:336,16,1,0
BRDA:354,17,0,0
BRDA:354,17,1,0
BRF:36
BRH:0
end_of_record
TN:
SF:src/lib/services/nubix.ts
FN:290,getNubixStudies
FN:316,getNubixStudy
FN:317,(anonymous_2)
FN:322,(anonymous_3)
FN:327,getNubixReport
FN:328,(anonymous_5)
FN:333,(anonymous_6)
FN:338,getNubixReports
FN:350,getNubixDeliveries
FN:352,(anonymous_9)
FN:360,(anonymous_10)
FN:365,sendNubixResults
FN:396,getNubixViewerConfig
FN:415,getNubixAppointments
FN:439,upsertNubixAppointment
FN:457,getNubixKPIs
FN:459,(anonymous_16)
FN:463,(anonymous_17)
FN:464,(anonymous_18)
FN:490,applyStudyFilters
FN:493,(anonymous_20)
FNF:21
FNH:0
FNDA:0,getNubixStudies
FNDA:0,getNubixStudy
FNDA:0,(anonymous_2)
FNDA:0,(anonymous_3)
FNDA:0,getNubixReport
FNDA:0,(anonymous_5)
FNDA:0,(anonymous_6)
FNDA:0,getNubixReports
FNDA:0,getNubixDeliveries
FNDA:0,(anonymous_9)
FNDA:0,(anonymous_10)
FNDA:0,sendNubixResults
FNDA:0,getNubixViewerConfig
FNDA:0,getNubixAppointments
FNDA:0,upsertNubixAppointment
FNDA:0,getNubixKPIs
FNDA:0,(anonymous_16)
FNDA:0,(anonymous_17)
FNDA:0,(anonymous_18)
FNDA:0,applyStudyFilters
FNDA:0,(anonymous_20)
DA:26,0
DA:167,0
DA:200,0
DA:236,0
DA:291,0
DA:293,0
DA:294,0
DA:308,0
DA:309,0
DA:311,0
DA:317,0
DA:319,0
DA:320,0
DA:322,0
DA:328,0
DA:330,0
DA:331,0
DA:333,0
DA:339,0
DA:341,0
DA:342,0
DA:343,0
DA:345,0
DA:351,0
DA:352,0
DA:355,0
DA:356,0
DA:357,0
DA:358,0
DA:360,0
DA:370,0
DA:372,0
DA:385,0
DA:386,0
DA:391,0
DA:397,0
DA:398,0
DA:407,0
DA:408,0
DA:410,0
DA:418,0
DA:420,0
DA:421,0
DA:431,0
DA:432,0
DA:434,0
DA:443,0
DA:445,0
DA:446,0
DA:447,0
DA:449,0
DA:451,0
DA:458,0
DA:459,0
DA:460,0
DA:463,0
DA:464,0
DA:472,0
DA:473,0
DA:475,0
DA:491,0
DA:493,0
DA:494,0
DA:498,0
DA:499,0
DA:500,0
DA:501,0
DA:502,0
DA:503,0
DA:504,0
DA:508,0
DA:509,0
LF:72
LH:0
BRDA:291,0,0,0
BRDA:291,0,1,0
BRDA:304,1,0,0
BRDA:304,1,1,0
BRDA:305,2,0,0
BRDA:305,2,1,0
BRDA:317,3,0,0
BRDA:317,3,1,0
BRDA:317,4,0,0
BRDA:317,4,1,0
BRDA:322,5,0,0
BRDA:322,5,1,0
BRDA:328,6,0,0
BRDA:328,6,1,0
BRDA:328,7,0,0
BRDA:328,7,1,0
BRDA:333,8,0,0
BRDA:333,8,1,0
BRDA:339,9,0,0
BRDA:339,9,1,0
BRDA:351,10,0,0
BRDA:351,10,1,0
BRDA:352,11,0,0
BRDA:352,11,1,0
BRDA:356,12,0,0
BRDA:356,12,1,0
BRDA:360,13,0,0
BRDA:360,13,1,0
BRDA:370,14,0,0
BRDA:370,14,1,0
BRDA:397,15,0,0
BRDA:397,15,1,0
BRDA:418,16,0,0
BRDA:418,16,1,0
BRDA:427,17,0,0
BRDA:427,17,1,0
BRDA:428,18,0,0
BRDA:428,18,1,0
BRDA:443,19,0,0
BRDA:443,19,1,0
BRDA:446,20,0,0
BRDA:446,20,1,0
BRDA:458,21,0,0
BRDA:458,21,1,0
BRDA:491,22,0,0
BRDA:491,22,1,0
BRDA:494,23,0,0
BRDA:494,23,1,0
BRDA:495,24,0,0
BRDA:495,24,1,0
BRDA:499,25,0,0
BRDA:499,25,1,0
BRDA:499,26,0,0
BRDA:499,26,1,0
BRDA:500,27,0,0
BRDA:500,27,1,0
BRDA:500,28,0,0
BRDA:500,28,1,0
BRDA:501,29,0,0
BRDA:501,29,1,0
BRDA:501,30,0,0
BRDA:501,30,1,0
BRDA:502,31,0,0
BRDA:502,31,1,0
BRDA:502,32,0,0
BRDA:502,32,1,0
BRDA:503,33,0,0
BRDA:503,33,1,0
BRDA:503,34,0,0
BRDA:503,34,1,0
BRDA:504,35,0,0
BRDA:504,35,1,0
BRDA:505,36,0,0
BRDA:505,36,1,0
BRF:74
BRH:0
end_of_record
TN:
SF:src/lib/services/telemedicina.ts
FN:168,getSupabase
FN:173,getWaitingRoom
FN:179,(anonymous_2)
FN:198,getConsultations
FN:216,getScheduledConsultations
FN:233,mapConsultation
FN:253,createVideoRoom
FN:268,sendWhatsAppSummary
FN:281,getTelemedicinaKPIs
FN:283,(anonymous_9)
FN:287,(anonymous_10)
FN:288,(anonymous_11)
FNF:12
FNH:0
FNDA:0,getSupabase
FNDA:0,getWaitingRoom
FNDA:0,(anonymous_2)
FNDA:0,getConsultations
FNDA:0,getScheduledConsultations
FNDA:0,mapConsultation
FNDA:0,createVideoRoom
FNDA:0,sendWhatsAppSummary
FNDA:0,getTelemedicinaKPIs
FNDA:0,(anonymous_9)
FNDA:0,(anonymous_10)
FNDA:0,(anonymous_11)
DA:9,0
DA:45,0
DA:112,0
DA:169,0
DA:170,0
DA:174,0
DA:175,0
DA:176,0
DA:177,0
DA:178,0
DA:179,0
DA:194,0
DA:199,0
DA:200,0
DA:201,0
DA:202,0
DA:209,0
DA:210,0
DA:212,0
DA:217,0
DA:218,0
DA:219,0
DA:220,0
DA:226,0
DA:227,0
DA:229,0
DA:234,0
DA:254,0
DA:255,0
DA:260,0
DA:261,0
DA:262,0
DA:264,0
DA:269,0
DA:270,0
DA:275,0
DA:277,0
DA:282,0
DA:283,0
DA:284,0
DA:287,0
DA:288,0
LF:42
LH:0
BRDA:174,0,0,0
BRDA:174,0,1,0
BRDA:178,1,0,0
BRDA:178,1,1,0
BRDA:179,2,0,0
BRDA:179,2,1,0
BRDA:185,3,0,0
BRDA:185,3,1,0
BRDA:187,4,0,0
BRDA:187,4,1,0
BRDA:199,5,0,0
BRDA:199,5,1,0
BRDA:209,6,0,0
BRDA:209,6,1,0
BRDA:210,7,0,0
BRDA:210,7,1,0
BRDA:217,8,0,0
BRDA:217,8,1,0
BRDA:226,9,0,0
BRDA:226,9,1,0
BRDA:227,10,0,0
BRDA:227,10,1,0
BRDA:242,11,0,0
BRDA:242,11,1,0
BRDA:260,12,0,0
BRDA:260,12,1,0
BRF:26
BRH:0
end_of_record
TN:
SF:src/lib/services/triage.ts
FN:158,getSupabase
FN:163,getTriages
FN:173,(anonymous_2)
FN:194,createTriage
FN:208,(anonymous_4)
FN:245,saveClinicalNote
FN:289,uploadTriagePhoto
FN:319,getTriageKPIs
FN:323,(anonymous_8)
FN:324,(anonymous_9)
FN:325,(anonymous_10)
FNF:11
FNH:0
FNDA:0,getSupabase
FNDA:0,getTriages
FNDA:0,(anonymous_2)
FNDA:0,createTriage
FNDA:0,(anonymous_4)
FNDA:0,saveClinicalNote
FNDA:0,uploadTriagePhoto
FNDA:0,getTriageKPIs
FNDA:0,(anonymous_8)
FNDA:0,(anonymous_9)
FNDA:0,(anonymous_10)
DA:9,0
DA:40,0
DA:59,0
DA:72,0
DA:85,0
DA:89,0
DA:159,0
DA:160,0
DA:164,0
DA:165,0
DA:166,0
DA:167,0
DA:172,0
DA:173,0
DA:190,0
DA:203,0
DA:204,0
DA:206,0
DA:207,0
DA:208,0
DA:210,0
DA:226,0
DA:227,0
DA:255,0
DA:256,0
DA:257,0
DA:271,0
DA:272,0
DA:286,0
DA:287,0
DA:290,0
DA:292,0
DA:293,0
DA:297,0
DA:298,0
DA:302,0
DA:303,0
DA:304,0
DA:305,0
DA:306,0
DA:307,0
DA:309,0
DA:314,0
DA:315,0
DA:316,0
DA:320,0
DA:321,0
DA:323,0
DA:324,0
DA:325,0
LF:50
LH:0
BRDA:164,0,0,0
BRDA:164,0,1,0
BRDA:172,1,0,0
BRDA:172,1,1,0
BRDA:173,2,0,0
BRDA:173,2,1,0
BRDA:178,3,0,0
BRDA:178,3,1,0
BRDA:181,4,0,0
BRDA:181,4,1,0
BRDA:182,5,0,0
BRDA:182,5,1,0
BRDA:183,6,0,0
BRDA:183,6,1,0
BRDA:184,7,0,0
BRDA:184,7,1,0
BRDA:185,8,0,0
BRDA:185,8,1,0
BRDA:186,9,0,0
BRDA:186,9,1,0
BRDA:203,10,0,0
BRDA:203,10,1,0
BRDA:221,11,0,0
BRDA:221,11,1,0
BRDA:226,12,0,0
BRDA:226,12,1,0
BRDA:235,13,0,0
BRDA:235,13,1,0
BRDA:236,14,0,0
BRDA:236,14,1,0
BRDA:237,15,0,0
BRDA:237,15,1,0
BRDA:239,16,0,0
BRDA:239,16,1,0
BRDA:255,17,0,0
BRDA:255,17,1,0
BRDA:260,18,0,0
BRDA:260,18,1,0
BRDA:261,19,0,0
BRDA:261,19,1,0
BRDA:271,20,0,0
BRDA:271,20,1,0
BRDA:279,21,0,0
BRDA:279,21,1,0
BRDA:280,22,0,0
BRDA:280,22,1,0
BRDA:281,23,0,0
BRDA:281,23,1,0
BRDA:290,24,0,0
BRDA:290,24,1,0
BRDA:292,25,0,0
BRDA:292,25,1,0
BRDA:297,26,0,0
BRDA:297,26,1,0
BRDA:306,27,0,0
BRDA:306,27,1,0
BRDA:314,28,0,0
BRDA:314,28,1,0
BRF:58
BRH:0
end_of_record
TN:
SF:src/lib/validations/auth.ts
FN:43,(anonymous_0)
FNF:1
FNH:1
FNDA:6,(anonymous_0)
DA:4,1
DA:15,1
DA:43,6
LF:3
LH:3
BRF:0
BRH:0
end_of_record
TN:
SF:src/lib/validations/schemas.ts
FNF:0
FNH:0
DA:4,0
DA:26,0
DA:38,0
DA:51,0
DA:66,0
DA:77,0
DA:82,0
DA:94,0
DA:104,0
DA:135,0
LF:10
LH:0
BRF:0
BRH:0
end_of_record
